<?xml version="1.0" encoding="UTF-8"?>
<testsuite name="RxTests" tests="1" skipped="0" failures="0" errors="0" timestamp="2020-10-28T14:36:20" hostname="DESKTOP-PBN2LV4" time="10.145">
  <properties/>
  <testcase name="loadMoviesInBackground()" classname="RxTests" time="10.145"/>
  <system-out><![CDATA[MOVIE LOADED: index=1, title=ACADEMY DINOSAUR, description=A Epic Drama of a Feminist And a Mad Scientist who must Battle a Teacher in The Canadian Rockies, releaseYear=2006, length=86, rating=PG
?[0;34m1 (Thread[RxNewThreadScheduler-1,5,main])?[0m
?[0;31mindex=1, title=ACADEMY DINOSAUR, description=A Epic Drama of a Feminist And a Mad Scientist who must Battle a Teacher in The Canadian Rockies, releaseYear=2006, length=86, rating=PG (Thread[RxNewThreadScheduler-1,5,main])?[0m
MOVIE LOADED: index=2, title=ACE GOLDFINGER, description=A Astounding Epistle of a Database Administrator And a Explorer who must Find a Car in Ancient China, releaseYear=2006, length=48, rating=G
?[0;34m2 (Thread[RxNewThreadScheduler-1,5,main])?[0m
?[0;31mindex=2, title=ACE GOLDFINGER, description=A Astounding Epistle of a Database Administrator And a Explorer who must Find a Car in Ancient China, releaseYear=2006, length=48, rating=G (Thread[RxNewThreadScheduler-1,5,main])?[0m
MOVIE LOADED: index=3, title=ADAPTATION HOLES, description=A Astounding Reflection of a Lumberjack And a Car who must Sink a Lumberjack in A Baloon Factory, releaseYear=2006, length=50, rating=NC-17
?[0;34m3 (Thread[RxNewThreadScheduler-1,5,main])?[0m
?[0;31mindex=3, title=ADAPTATION HOLES, description=A Astounding Reflection of a Lumberjack And a Car who must Sink a Lumberjack in A Baloon Factory, releaseYear=2006, length=50, rating=NC-17 (Thread[RxNewThreadScheduler-1,5,main])?[0m
MOVIE LOADED: index=4, title=AFFAIR PREJUDICE, description=A Fanciful Documentary of a Frisbee And a Lumberjack who must Chase a Monkey in A Shark Tank, releaseYear=2006, length=117, rating=G
?[0;34m4 (Thread[RxNewThreadScheduler-1,5,main])?[0m
?[0;31mindex=4, title=AFFAIR PREJUDICE, description=A Fanciful Documentary of a Frisbee And a Lumberjack who must Chase a Monkey in A Shark Tank, releaseYear=2006, length=117, rating=G (Thread[RxNewThreadScheduler-1,5,main])?[0m
MOVIE LOADED: index=5, title=AFRICAN EGG, description=A Fast-Paced Documentary of a Pastry Chef And a Dentist who must Pursue a Forensic Psychologist in The Gulf of Mexico, releaseYear=2006, length=130, rating=G
?[0;34m5 (Thread[RxNewThreadScheduler-1,5,main])?[0m
?[0;31mindex=5, title=AFRICAN EGG, description=A Fast-Paced Documentary of a Pastry Chef And a Dentist who must Pursue a Forensic Psychologist in The Gulf of Mexico, releaseYear=2006, length=130, rating=G (Thread[RxNewThreadScheduler-1,5,main])?[0m
MOVIE LOADED: index=6, title=AGENT TRUMAN, description=A Intrepid Panorama of a Robot And a Boy who must Escape a Sumo Wrestler in Ancient China, releaseYear=2006, length=169, rating=PG
?[0;34m6 (Thread[RxNewThreadScheduler-1,5,main])?[0m
?[0;31mindex=6, title=AGENT TRUMAN, description=A Intrepid Panorama of a Robot And a Boy who must Escape a Sumo Wrestler in Ancient China, releaseYear=2006, length=169, rating=PG (Thread[RxNewThreadScheduler-1,5,main])?[0m
MOVIE LOADED: index=7, title=AIRPLANE SIERRA, description=A Touching Saga of a Hunter And a Butler who must Discover a Butler in A Jet Boat, releaseYear=2006, length=62, rating=PG-13
?[0;34m7 (Thread[RxNewThreadScheduler-1,5,main])?[0m
?[0;31mindex=7, title=AIRPLANE SIERRA, description=A Touching Saga of a Hunter And a Butler who must Discover a Butler in A Jet Boat, releaseYear=2006, length=62, rating=PG-13 (Thread[RxNewThreadScheduler-1,5,main])?[0m
MOVIE LOADED: index=8, title=AIRPORT POLLOCK, description=A Epic Tale of a Moose And a Girl who must Confront a Monkey in Ancient India, releaseYear=2006, length=54, rating=R
?[0;34m8 (Thread[RxNewThreadScheduler-1,5,main])?[0m
?[0;31mindex=8, title=AIRPORT POLLOCK, description=A Epic Tale of a Moose And a Girl who must Confront a Monkey in Ancient India, releaseYear=2006, length=54, rating=R (Thread[RxNewThreadScheduler-1,5,main])?[0m
MOVIE LOADED: index=9, title=ALABAMA DEVIL, description=A Thoughtful Panorama of a Database Administrator And a Mad Scientist who must Outgun a Mad Scientist in A Jet Boat, releaseYear=2006, length=114, rating=PG-13
?[0;34m9 (Thread[RxNewThreadScheduler-1,5,main])?[0m
?[0;31mindex=9, title=ALABAMA DEVIL, description=A Thoughtful Panorama of a Database Administrator And a Mad Scientist who must Outgun a Mad Scientist in A Jet Boat, releaseYear=2006, length=114, rating=PG-13 (Thread[RxNewThreadScheduler-1,5,main])?[0m
MOVIE LOADED: index=10, title=ALADDIN CALENDAR, description=A Action-Packed Tale of a Man And a Lumberjack who must Reach a Feminist in Ancient China, releaseYear=2006, length=63, rating=NC-17
?[0;34m10 (Thread[RxNewThreadScheduler-1,5,main])?[0m
?[0;31mindex=10, title=ALADDIN CALENDAR, description=A Action-Packed Tale of a Man And a Lumberjack who must Reach a Feminist in Ancient China, releaseYear=2006, length=63, rating=NC-17 (Thread[RxNewThreadScheduler-1,5,main])?[0m
MOVIE LOADED: index=11, title=ALAMO VIDEOTAPE, description=A Boring Epistle of a Butler And a Cat who must Fight a Pastry Chef in A MySQL Convention, releaseYear=2006, length=126, rating=G
?[0;34m11 (Thread[RxNewThreadScheduler-1,5,main])?[0m
?[0;31mindex=11, title=ALAMO VIDEOTAPE, description=A Boring Epistle of a Butler And a Cat who must Fight a Pastry Chef in A MySQL Convention, releaseYear=2006, length=126, rating=G (Thread[RxNewThreadScheduler-1,5,main])?[0m
MOVIE LOADED: index=12, title=ALASKA PHANTOM, description=A Fanciful Saga of a Hunter And a Pastry Chef who must Vanquish a Boy in Australia, releaseYear=2006, length=136, rating=PG
?[0;34m12 (Thread[RxNewThreadScheduler-1,5,main])?[0m
?[0;31mindex=12, title=ALASKA PHANTOM, description=A Fanciful Saga of a Hunter And a Pastry Chef who must Vanquish a Boy in Australia, releaseYear=2006, length=136, rating=PG (Thread[RxNewThreadScheduler-1,5,main])?[0m
MOVIE LOADED: index=13, title=ALI FOREVER, description=A Action-Packed Drama of a Dentist And a Crocodile who must Battle a Feminist in The Canadian Rockies, releaseYear=2006, length=150, rating=PG
?[0;34m13 (Thread[RxNewThreadScheduler-1,5,main])?[0m
?[0;31mindex=13, title=ALI FOREVER, description=A Action-Packed Drama of a Dentist And a Crocodile who must Battle a Feminist in The Canadian Rockies, releaseYear=2006, length=150, rating=PG (Thread[RxNewThreadScheduler-1,5,main])?[0m
MOVIE LOADED: index=14, title=ALICE FANTASIA, description=A Emotional Drama of a A Shark And a Database Administrator who must Vanquish a Pioneer in Soviet Georgia, releaseYear=2006, length=94, rating=NC-17
?[0;34m14 (Thread[RxNewThreadScheduler-1,5,main])?[0m
?[0;31mindex=14, title=ALICE FANTASIA, description=A Emotional Drama of a A Shark And a Database Administrator who must Vanquish a Pioneer in Soviet Georgia, releaseYear=2006, length=94, rating=NC-17 (Thread[RxNewThreadScheduler-1,5,main])?[0m
MOVIE LOADED: index=15, title=ALIEN CENTER, description=A Brilliant Drama of a Cat And a Mad Scientist who must Battle a Feminist in A MySQL Convention, releaseYear=2006, length=46, rating=NC-17
?[0;34m15 (Thread[RxNewThreadScheduler-1,5,main])?[0m
?[0;31mindex=15, title=ALIEN CENTER, description=A Brilliant Drama of a Cat And a Mad Scientist who must Battle a Feminist in A MySQL Convention, releaseYear=2006, length=46, rating=NC-17 (Thread[RxNewThreadScheduler-1,5,main])?[0m
MOVIE LOADED: index=16, title=ALLEY EVOLUTION, description=A Fast-Paced Drama of a Robot And a Composer who must Battle a Astronaut in New Orleans, releaseYear=2006, length=180, rating=NC-17
?[0;34m16 (Thread[RxNewThreadScheduler-1,5,main])?[0m
?[0;31mindex=16, title=ALLEY EVOLUTION, description=A Fast-Paced Drama of a Robot And a Composer who must Battle a Astronaut in New Orleans, releaseYear=2006, length=180, rating=NC-17 (Thread[RxNewThreadScheduler-1,5,main])?[0m
MOVIE LOADED: index=17, title=ALONE TRIP, description=A Fast-Paced Character Study of a Composer And a Dog who must Outgun a Boat in An Abandoned Fun House, releaseYear=2006, length=82, rating=R
?[0;34m17 (Thread[RxNewThreadScheduler-1,5,main])?[0m
?[0;31mindex=17, title=ALONE TRIP, description=A Fast-Paced Character Study of a Composer And a Dog who must Outgun a Boat in An Abandoned Fun House, releaseYear=2006, length=82, rating=R (Thread[RxNewThreadScheduler-1,5,main])?[0m
MOVIE LOADED: index=18, title=ALTER VICTORY, description=A Thoughtful Drama of a Composer And a Feminist who must Meet a Secret Agent in The Canadian Rockies, releaseYear=2006, length=57, rating=PG-13
?[0;34m18 (Thread[RxNewThreadScheduler-1,5,main])?[0m
?[0;31mindex=18, title=ALTER VICTORY, description=A Thoughtful Drama of a Composer And a Feminist who must Meet a Secret Agent in The Canadian Rockies, releaseYear=2006, length=57, rating=PG-13 (Thread[RxNewThreadScheduler-1,5,main])?[0m
MOVIE LOADED: index=19, title=AMADEUS HOLY, description=A Emotional Display of a Pioneer And a Technical Writer who must Battle a Man in A Baloon, releaseYear=2006, length=113, rating=PG
?[0;34m19 (Thread[RxNewThreadScheduler-1,5,main])?[0m
?[0;31mindex=19, title=AMADEUS HOLY, description=A Emotional Display of a Pioneer And a Technical Writer who must Battle a Man in A Baloon, releaseYear=2006, length=113, rating=PG (Thread[RxNewThreadScheduler-1,5,main])?[0m
MOVIE LOADED: index=20, title=AMELIE HELLFIGHTERS, description=A Boring Drama of a Woman And a Squirrel who must Conquer a Student in A Baloon, releaseYear=2006, length=79, rating=R
?[0;34m20 (Thread[RxNewThreadScheduler-1,5,main])?[0m
?[0;31mindex=20, title=AMELIE HELLFIGHTERS, description=A Boring Drama of a Woman And a Squirrel who must Conquer a Student in A Baloon, releaseYear=2006, length=79, rating=R (Thread[RxNewThreadScheduler-1,5,main])?[0m
MOVIE LOADED: index=21, title=AMERICAN CIRCUS, description=A Insightful Drama of a Girl And a Astronaut who must Face a Database Administrator in A Shark Tank, releaseYear=2006, length=129, rating=R
?[0;34m21 (Thread[RxNewThreadScheduler-1,5,main])?[0m
?[0;31mindex=21, title=AMERICAN CIRCUS, description=A Insightful Drama of a Girl And a Astronaut who must Face a Database Administrator in A Shark Tank, releaseYear=2006, length=129, rating=R (Thread[RxNewThreadScheduler-1,5,main])?[0m
MOVIE LOADED: index=22, title=AMISTAD MIDSUMMER, description=A Emotional Character Study of a Dentist And a Crocodile who must Meet a Sumo Wrestler in California, releaseYear=2006, length=85, rating=G
?[0;34m22 (Thread[RxNewThreadScheduler-1,5,main])?[0m
?[0;31mindex=22, title=AMISTAD MIDSUMMER, description=A Emotional Character Study of a Dentist And a Crocodile who must Meet a Sumo Wrestler in California, releaseYear=2006, length=85, rating=G (Thread[RxNewThreadScheduler-1,5,main])?[0m
MOVIE LOADED: index=23, title=ANACONDA CONFESSIONS, description=A Lacklusture Display of a Dentist And a Dentist who must Fight a Girl in Australia, releaseYear=2006, length=92, rating=R
?[0;34m23 (Thread[RxNewThreadScheduler-1,5,main])?[0m
?[0;31mindex=23, title=ANACONDA CONFESSIONS, description=A Lacklusture Display of a Dentist And a Dentist who must Fight a Girl in Australia, releaseYear=2006, length=92, rating=R (Thread[RxNewThreadScheduler-1,5,main])?[0m
MOVIE LOADED: index=24, title=ANALYZE HOOSIERS, description=A Thoughtful Display of a Explorer And a Pastry Chef who must Overcome a Feminist in The Sahara Desert, releaseYear=2006, length=181, rating=R
?[0;34m24 (Thread[RxNewThreadScheduler-1,5,main])?[0m
?[0;31mindex=24, title=ANALYZE HOOSIERS, description=A Thoughtful Display of a Explorer And a Pastry Chef who must Overcome a Feminist in The Sahara Desert, releaseYear=2006, length=181, rating=R (Thread[RxNewThreadScheduler-1,5,main])?[0m
MOVIE LOADED: index=25, title=ANGELS LIFE, description=A Thoughtful Display of a Woman And a Astronaut who must Battle a Robot in Berlin, releaseYear=2006, length=74, rating=G
?[0;34m25 (Thread[RxNewThreadScheduler-1,5,main])?[0m
?[0;31mindex=25, title=ANGELS LIFE, description=A Thoughtful Display of a Woman And a Astronaut who must Battle a Robot in Berlin, releaseYear=2006, length=74, rating=G (Thread[RxNewThreadScheduler-1,5,main])?[0m
MOVIE LOADED: index=26, title=ANNIE IDENTITY, description=A Amazing Panorama of a Pastry Chef And a Boat who must Escape a Woman in An Abandoned Amusement Park, releaseYear=2006, length=86, rating=G
?[0;34m26 (Thread[RxNewThreadScheduler-1,5,main])?[0m
?[0;31mindex=26, title=ANNIE IDENTITY, description=A Amazing Panorama of a Pastry Chef And a Boat who must Escape a Woman in An Abandoned Amusement Park, releaseYear=2006, length=86, rating=G (Thread[RxNewThreadScheduler-1,5,main])?[0m
MOVIE LOADED: index=27, title=ANONYMOUS HUMAN, description=A Amazing Reflection of a Database Administrator And a Astronaut who must Outrace a Database Administrator in A Shark Tank, releaseYear=2006, length=179, rating=NC-17
?[0;34m27 (Thread[RxNewThreadScheduler-1,5,main])?[0m
?[0;31mindex=27, title=ANONYMOUS HUMAN, description=A Amazing Reflection of a Database Administrator And a Astronaut who must Outrace a Database Administrator in A Shark Tank, releaseYear=2006, length=179, rating=NC-17 (Thread[RxNewThreadScheduler-1,5,main])?[0m
MOVIE LOADED: index=28, title=ANTHEM LUKE, description=A Touching Panorama of a Waitress And a Woman who must Outrace a Dog in An Abandoned Amusement Park, releaseYear=2006, length=91, rating=PG-13
?[0;34m28 (Thread[RxNewThreadScheduler-1,5,main])?[0m
?[0;31mindex=28, title=ANTHEM LUKE, description=A Touching Panorama of a Waitress And a Woman who must Outrace a Dog in An Abandoned Amusement Park, releaseYear=2006, length=91, rating=PG-13 (Thread[RxNewThreadScheduler-1,5,main])?[0m
MOVIE LOADED: index=29, title=ANTITRUST TOMATOES, description=A Fateful Yarn of a Womanizer And a Feminist who must Succumb a Database Administrator in Ancient India, releaseYear=2006, length=168, rating=NC-17
?[0;34m29 (Thread[RxNewThreadScheduler-1,5,main])?[0m
?[0;31mindex=29, title=ANTITRUST TOMATOES, description=A Fateful Yarn of a Womanizer And a Feminist who must Succumb a Database Administrator in Ancient India, releaseYear=2006, length=168, rating=NC-17 (Thread[RxNewThreadScheduler-1,5,main])?[0m
MOVIE LOADED: index=30, title=ANYTHING SAVANNAH, description=A Epic Story of a Pastry Chef And a Woman who must Chase a Feminist in An Abandoned Fun House, releaseYear=2006, length=82, rating=R
?[0;34m30 (Thread[RxNewThreadScheduler-1,5,main])?[0m
?[0;31mindex=30, title=ANYTHING SAVANNAH, description=A Epic Story of a Pastry Chef And a Woman who must Chase a Feminist in An Abandoned Fun House, releaseYear=2006, length=82, rating=R (Thread[RxNewThreadScheduler-1,5,main])?[0m
MOVIE LOADED: index=31, title=APACHE DIVINE, description=A Awe-Inspiring Reflection of a Pastry Chef And a Teacher who must Overcome a Sumo Wrestler in A U-Boat, releaseYear=2006, length=92, rating=NC-17
?[0;34m31 (Thread[RxNewThreadScheduler-1,5,main])?[0m
?[0;31mindex=31, title=APACHE DIVINE, description=A Awe-Inspiring Reflection of a Pastry Chef And a Teacher who must Overcome a Sumo Wrestler in A U-Boat, releaseYear=2006, length=92, rating=NC-17 (Thread[RxNewThreadScheduler-1,5,main])?[0m
MOVIE LOADED: index=32, title=APOCALYPSE FLAMINGOS, description=A Astounding Story of a Dog And a Squirrel who must Defeat a Woman in An Abandoned Amusement Park, releaseYear=2006, length=119, rating=R
?[0;34m32 (Thread[RxNewThreadScheduler-1,5,main])?[0m
?[0;31mindex=32, title=APOCALYPSE FLAMINGOS, description=A Astounding Story of a Dog And a Squirrel who must Defeat a Woman in An Abandoned Amusement Park, releaseYear=2006, length=119, rating=R (Thread[RxNewThreadScheduler-1,5,main])?[0m
MOVIE LOADED: index=33, title=APOLLO TEEN, description=A Action-Packed Reflection of a Crocodile And a Explorer who must Find a Sumo Wrestler in An Abandoned Mine Shaft, releaseYear=2006, length=153, rating=PG-13
?[0;34m33 (Thread[RxNewThreadScheduler-1,5,main])?[0m
?[0;31mindex=33, title=APOLLO TEEN, description=A Action-Packed Reflection of a Crocodile And a Explorer who must Find a Sumo Wrestler in An Abandoned Mine Shaft, releaseYear=2006, length=153, rating=PG-13 (Thread[RxNewThreadScheduler-1,5,main])?[0m
MOVIE LOADED: index=34, title=ARABIA DOGMA, description=A Touching Epistle of a Madman And a Mad Cow who must Defeat a Student in Nigeria, releaseYear=2006, length=62, rating=NC-17
?[0;34m34 (Thread[RxNewThreadScheduler-1,5,main])?[0m
?[0;31mindex=34, title=ARABIA DOGMA, description=A Touching Epistle of a Madman And a Mad Cow who must Defeat a Student in Nigeria, releaseYear=2006, length=62, rating=NC-17 (Thread[RxNewThreadScheduler-1,5,main])?[0m
MOVIE LOADED: index=35, title=ARACHNOPHOBIA ROLLERCOASTER, description=A Action-Packed Reflection of a Pastry Chef And a Composer who must Discover a Mad Scientist in The First Manned Space Station, releaseYear=2006, length=147, rating=PG-13
?[0;34m35 (Thread[RxNewThreadScheduler-1,5,main])?[0m
?[0;31mindex=35, title=ARACHNOPHOBIA ROLLERCOASTER, description=A Action-Packed Reflection of a Pastry Chef And a Composer who must Discover a Mad Scientist in The First Manned Space Station, releaseYear=2006, length=147, rating=PG-13 (Thread[RxNewThreadScheduler-1,5,main])?[0m
MOVIE LOADED: index=36, title=ARGONAUTS TOWN, description=A Emotional Epistle of a Forensic Psychologist And a Butler who must Challenge a Waitress in An Abandoned Mine Shaft, releaseYear=2006, length=127, rating=PG-13
?[0;34m36 (Thread[RxNewThreadScheduler-1,5,main])?[0m
?[0;31mindex=36, title=ARGONAUTS TOWN, description=A Emotional Epistle of a Forensic Psychologist And a Butler who must Challenge a Waitress in An Abandoned Mine Shaft, releaseYear=2006, length=127, rating=PG-13 (Thread[RxNewThreadScheduler-1,5,main])?[0m
MOVIE LOADED: index=37, title=ARIZONA BANG, description=A Brilliant Panorama of a Mad Scientist And a Mad Cow who must Meet a Pioneer in A Monastery, releaseYear=2006, length=121, rating=PG
?[0;34m37 (Thread[RxNewThreadScheduler-1,5,main])?[0m
?[0;31mindex=37, title=ARIZONA BANG, description=A Brilliant Panorama of a Mad Scientist And a Mad Cow who must Meet a Pioneer in A Monastery, releaseYear=2006, length=121, rating=PG (Thread[RxNewThreadScheduler-1,5,main])?[0m
MOVIE LOADED: index=38, title=ARK RIDGEMONT, description=A Beautiful Yarn of a Pioneer And a Monkey who must Pursue a Explorer in The Sahara Desert, releaseYear=2006, length=68, rating=NC-17
?[0;34m38 (Thread[RxNewThreadScheduler-1,5,main])?[0m
?[0;31mindex=38, title=ARK RIDGEMONT, description=A Beautiful Yarn of a Pioneer And a Monkey who must Pursue a Explorer in The Sahara Desert, releaseYear=2006, length=68, rating=NC-17 (Thread[RxNewThreadScheduler-1,5,main])?[0m
MOVIE LOADED: index=39, title=ARMAGEDDON LOST, description=A Fast-Paced Tale of a Boat And a Teacher who must Succumb a Composer in An Abandoned Mine Shaft, releaseYear=2006, length=99, rating=G
?[0;34m39 (Thread[RxNewThreadScheduler-1,5,main])?[0m
?[0;31mindex=39, title=ARMAGEDDON LOST, description=A Fast-Paced Tale of a Boat And a Teacher who must Succumb a Composer in An Abandoned Mine Shaft, releaseYear=2006, length=99, rating=G (Thread[RxNewThreadScheduler-1,5,main])?[0m
MOVIE LOADED: index=40, title=ARMY FLINTSTONES, description=A Boring Saga of a Database Administrator And a Womanizer who must Battle a Waitress in Nigeria, releaseYear=2006, length=148, rating=R
?[0;34m40 (Thread[RxNewThreadScheduler-1,5,main])?[0m
?[0;31mindex=40, title=ARMY FLINTSTONES, description=A Boring Saga of a Database Administrator And a Womanizer who must Battle a Waitress in Nigeria, releaseYear=2006, length=148, rating=R (Thread[RxNewThreadScheduler-1,5,main])?[0m
MOVIE LOADED: index=41, title=ARSENIC INDEPENDENCE, description=A Fanciful Documentary of a Mad Cow And a Womanizer who must Find a Dentist in Berlin, releaseYear=2006, length=137, rating=PG
?[0;34m41 (Thread[RxNewThreadScheduler-1,5,main])?[0m
?[0;31mindex=41, title=ARSENIC INDEPENDENCE, description=A Fanciful Documentary of a Mad Cow And a Womanizer who must Find a Dentist in Berlin, releaseYear=2006, length=137, rating=PG (Thread[RxNewThreadScheduler-1,5,main])?[0m
MOVIE LOADED: index=42, title=ARTIST COLDBLOODED, description=A Stunning Reflection of a Robot And a Moose who must Challenge a Woman in California, releaseYear=2006, length=170, rating=NC-17
?[0;34m42 (Thread[RxNewThreadScheduler-1,5,main])?[0m
?[0;31mindex=42, title=ARTIST COLDBLOODED, description=A Stunning Reflection of a Robot And a Moose who must Challenge a Woman in California, releaseYear=2006, length=170, rating=NC-17 (Thread[RxNewThreadScheduler-1,5,main])?[0m
MOVIE LOADED: index=43, title=ATLANTIS CAUSE, description=A Thrilling Yarn of a Feminist And a Hunter who must Fight a Technical Writer in A Shark Tank, releaseYear=2006, length=170, rating=G
?[0;34m43 (Thread[RxNewThreadScheduler-1,5,main])?[0m
?[0;31mindex=43, title=ATLANTIS CAUSE, description=A Thrilling Yarn of a Feminist And a Hunter who must Fight a Technical Writer in A Shark Tank, releaseYear=2006, length=170, rating=G (Thread[RxNewThreadScheduler-1,5,main])?[0m
MOVIE LOADED: index=44, title=ATTACKS HATE, description=A Fast-Paced Panorama of a Technical Writer And a Mad Scientist who must Find a Feminist in An Abandoned Mine Shaft, releaseYear=2006, length=113, rating=PG-13
?[0;34m44 (Thread[RxNewThreadScheduler-1,5,main])?[0m
?[0;31mindex=44, title=ATTACKS HATE, description=A Fast-Paced Panorama of a Technical Writer And a Mad Scientist who must Find a Feminist in An Abandoned Mine Shaft, releaseYear=2006, length=113, rating=PG-13 (Thread[RxNewThreadScheduler-1,5,main])?[0m
MOVIE LOADED: index=45, title=ATTRACTION NEWTON, description=A Astounding Panorama of a Composer And a Frisbee who must Reach a Husband in Ancient Japan, releaseYear=2006, length=83, rating=PG-13
?[0;34m45 (Thread[RxNewThreadScheduler-1,5,main])?[0m
?[0;31mindex=45, title=ATTRACTION NEWTON, description=A Astounding Panorama of a Composer And a Frisbee who must Reach a Husband in Ancient Japan, releaseYear=2006, length=83, rating=PG-13 (Thread[RxNewThreadScheduler-1,5,main])?[0m
MOVIE LOADED: index=46, title=AUTUMN CROW, description=A Beautiful Tale of a Dentist And a Mad Cow who must Battle a Moose in The Sahara Desert, releaseYear=2006, length=108, rating=G
?[0;34m46 (Thread[RxNewThreadScheduler-1,5,main])?[0m
?[0;31mindex=46, title=AUTUMN CROW, description=A Beautiful Tale of a Dentist And a Mad Cow who must Battle a Moose in The Sahara Desert, releaseYear=2006, length=108, rating=G (Thread[RxNewThreadScheduler-1,5,main])?[0m
MOVIE LOADED: index=47, title=BABY HALL, description=A Boring Character Study of a A Shark And a Girl who must Outrace a Feminist in An Abandoned Mine Shaft, releaseYear=2006, length=153, rating=NC-17
?[0;34m47 (Thread[RxNewThreadScheduler-1,5,main])?[0m
?[0;31mindex=47, title=BABY HALL, description=A Boring Character Study of a A Shark And a Girl who must Outrace a Feminist in An Abandoned Mine Shaft, releaseYear=2006, length=153, rating=NC-17 (Thread[RxNewThreadScheduler-1,5,main])?[0m
MOVIE LOADED: index=48, title=BACKLASH UNDEFEATED, description=A Stunning Character Study of a Mad Scientist And a Mad Cow who must Kill a Car in A Monastery, releaseYear=2006, length=118, rating=PG-13
?[0;34m48 (Thread[RxNewThreadScheduler-1,5,main])?[0m
?[0;31mindex=48, title=BACKLASH UNDEFEATED, description=A Stunning Character Study of a Mad Scientist And a Mad Cow who must Kill a Car in A Monastery, releaseYear=2006, length=118, rating=PG-13 (Thread[RxNewThreadScheduler-1,5,main])?[0m
MOVIE LOADED: index=49, title=BADMAN DAWN, description=A Emotional Panorama of a Pioneer And a Composer who must Escape a Mad Scientist in A Jet Boat, releaseYear=2006, length=162, rating=R
?[0;34m49 (Thread[RxNewThreadScheduler-1,5,main])?[0m
?[0;31mindex=49, title=BADMAN DAWN, description=A Emotional Panorama of a Pioneer And a Composer who must Escape a Mad Scientist in A Jet Boat, releaseYear=2006, length=162, rating=R (Thread[RxNewThreadScheduler-1,5,main])?[0m
MOVIE LOADED: index=50, title=BAKED CLEOPATRA, description=A Stunning Drama of a Forensic Psychologist And a Husband who must Overcome a Waitress in A Monastery, releaseYear=2006, length=182, rating=G
?[0;34m50 (Thread[RxNewThreadScheduler-1,5,main])?[0m
?[0;31mindex=50, title=BAKED CLEOPATRA, description=A Stunning Drama of a Forensic Psychologist And a Husband who must Overcome a Waitress in A Monastery, releaseYear=2006, length=182, rating=G (Thread[RxNewThreadScheduler-1,5,main])?[0m
MOVIE LOADED: index=51, title=BALLOON HOMEWARD, description=A Insightful Panorama of a Forensic Psychologist And a Mad Cow who must Build a Mad Scientist in The First Manned Space Station, releaseYear=2006, length=75, rating=NC-17
?[0;34m51 (Thread[RxNewThreadScheduler-1,5,main])?[0m
?[0;31mindex=51, title=BALLOON HOMEWARD, description=A Insightful Panorama of a Forensic Psychologist And a Mad Cow who must Build a Mad Scientist in The First Manned Space Station, releaseYear=2006, length=75, rating=NC-17 (Thread[RxNewThreadScheduler-1,5,main])?[0m
MOVIE LOADED: index=52, title=BALLROOM MOCKINGBIRD, description=A Thrilling Documentary of a Composer And a Monkey who must Find a Feminist in California, releaseYear=2006, length=173, rating=G
?[0;34m52 (Thread[RxNewThreadScheduler-1,5,main])?[0m
?[0;31mindex=52, title=BALLROOM MOCKINGBIRD, description=A Thrilling Documentary of a Composer And a Monkey who must Find a Feminist in California, releaseYear=2006, length=173, rating=G (Thread[RxNewThreadScheduler-1,5,main])?[0m
MOVIE LOADED: index=53, title=BANG KWAI, description=A Epic Drama of a Madman And a Cat who must Face a A Shark in An Abandoned Amusement Park, releaseYear=2006, length=87, rating=NC-17
?[0;34m53 (Thread[RxNewThreadScheduler-1,5,main])?[0m
?[0;31mindex=53, title=BANG KWAI, description=A Epic Drama of a Madman And a Cat who must Face a A Shark in An Abandoned Amusement Park, releaseYear=2006, length=87, rating=NC-17 (Thread[RxNewThreadScheduler-1,5,main])?[0m
MOVIE LOADED: index=54, title=BANGER PINOCCHIO, description=A Awe-Inspiring Drama of a Car And a Pastry Chef who must Chase a Crocodile in The First Manned Space Station, releaseYear=2006, length=113, rating=R
?[0;34m54 (Thread[RxNewThreadScheduler-1,5,main])?[0m
?[0;31mindex=54, title=BANGER PINOCCHIO, description=A Awe-Inspiring Drama of a Car And a Pastry Chef who must Chase a Crocodile in The First Manned Space Station, releaseYear=2006, length=113, rating=R (Thread[RxNewThreadScheduler-1,5,main])?[0m
MOVIE LOADED: index=55, title=BARBARELLA STREETCAR, description=A Awe-Inspiring Story of a Feminist And a Cat who must Conquer a Dog in A Monastery, releaseYear=2006, length=65, rating=G
?[0;34m55 (Thread[RxNewThreadScheduler-1,5,main])?[0m
?[0;31mindex=55, title=BARBARELLA STREETCAR, description=A Awe-Inspiring Story of a Feminist And a Cat who must Conquer a Dog in A Monastery, releaseYear=2006, length=65, rating=G (Thread[RxNewThreadScheduler-1,5,main])?[0m
MOVIE LOADED: index=56, title=BAREFOOT MANCHURIAN, description=A Intrepid Story of a Cat And a Student who must Vanquish a Girl in An Abandoned Amusement Park, releaseYear=2006, length=129, rating=G
?[0;34m56 (Thread[RxNewThreadScheduler-1,5,main])?[0m
?[0;31mindex=56, title=BAREFOOT MANCHURIAN, description=A Intrepid Story of a Cat And a Student who must Vanquish a Girl in An Abandoned Amusement Park, releaseYear=2006, length=129, rating=G (Thread[RxNewThreadScheduler-1,5,main])?[0m
MOVIE LOADED: index=57, title=BASIC EASY, description=A Stunning Epistle of a Man And a Husband who must Reach a Mad Scientist in A Jet Boat, releaseYear=2006, length=90, rating=PG-13
?[0;34m57 (Thread[RxNewThreadScheduler-1,5,main])?[0m
?[0;31mindex=57, title=BASIC EASY, description=A Stunning Epistle of a Man And a Husband who must Reach a Mad Scientist in A Jet Boat, releaseYear=2006, length=90, rating=PG-13 (Thread[RxNewThreadScheduler-1,5,main])?[0m
MOVIE LOADED: index=58, title=BEACH HEARTBREAKERS, description=A Fateful Display of a Womanizer And a Mad Scientist who must Outgun a A Shark in Soviet Georgia, releaseYear=2006, length=122, rating=G
?[0;34m58 (Thread[RxNewThreadScheduler-1,5,main])?[0m
?[0;31mindex=58, title=BEACH HEARTBREAKERS, description=A Fateful Display of a Womanizer And a Mad Scientist who must Outgun a A Shark in Soviet Georgia, releaseYear=2006, length=122, rating=G (Thread[RxNewThreadScheduler-1,5,main])?[0m
MOVIE LOADED: index=59, title=BEAR GRACELAND, description=A Astounding Saga of a Dog And a Boy who must Kill a Teacher in The First Manned Space Station, releaseYear=2006, length=160, rating=R
?[0;34m59 (Thread[RxNewThreadScheduler-1,5,main])?[0m
?[0;31mindex=59, title=BEAR GRACELAND, description=A Astounding Saga of a Dog And a Boy who must Kill a Teacher in The First Manned Space Station, releaseYear=2006, length=160, rating=R (Thread[RxNewThreadScheduler-1,5,main])?[0m
MOVIE LOADED: index=60, title=BEAST HUNCHBACK, description=A Awe-Inspiring Epistle of a Student And a Squirrel who must Defeat a Boy in Ancient China, releaseYear=2006, length=89, rating=R
?[0;34m60 (Thread[RxNewThreadScheduler-1,5,main])?[0m
?[0;31mindex=60, title=BEAST HUNCHBACK, description=A Awe-Inspiring Epistle of a Student And a Squirrel who must Defeat a Boy in Ancient China, releaseYear=2006, length=89, rating=R (Thread[RxNewThreadScheduler-1,5,main])?[0m
MOVIE LOADED: index=61, title=BEAUTY GREASE, description=A Fast-Paced Display of a Composer And a Moose who must Sink a Robot in An Abandoned Mine Shaft, releaseYear=2006, length=175, rating=G
?[0;34m61 (Thread[RxNewThreadScheduler-1,5,main])?[0m
?[0;31mindex=61, title=BEAUTY GREASE, description=A Fast-Paced Display of a Composer And a Moose who must Sink a Robot in An Abandoned Mine Shaft, releaseYear=2006, length=175, rating=G (Thread[RxNewThreadScheduler-1,5,main])?[0m
MOVIE LOADED: index=62, title=BED HIGHBALL, description=A Astounding Panorama of a Lumberjack And a Dog who must Redeem a Woman in An Abandoned Fun House, releaseYear=2006, length=106, rating=NC-17
?[0;34m62 (Thread[RxNewThreadScheduler-1,5,main])?[0m
?[0;31mindex=62, title=BED HIGHBALL, description=A Astounding Panorama of a Lumberjack And a Dog who must Redeem a Woman in An Abandoned Fun House, releaseYear=2006, length=106, rating=NC-17 (Thread[RxNewThreadScheduler-1,5,main])?[0m
MOVIE LOADED: index=63, title=BEDAZZLED MARRIED, description=A Astounding Character Study of a Madman And a Robot who must Meet a Mad Scientist in An Abandoned Fun House, releaseYear=2006, length=73, rating=PG
?[0;34m63 (Thread[RxNewThreadScheduler-1,5,main])?[0m
?[0;31mindex=63, title=BEDAZZLED MARRIED, description=A Astounding Character Study of a Madman And a Robot who must Meet a Mad Scientist in An Abandoned Fun House, releaseYear=2006, length=73, rating=PG (Thread[RxNewThreadScheduler-1,5,main])?[0m
MOVIE LOADED: index=64, title=BEETHOVEN EXORCIST, description=A Epic Display of a Pioneer And a Student who must Challenge a Butler in The Gulf of Mexico, releaseYear=2006, length=151, rating=PG-13
?[0;34m64 (Thread[RxNewThreadScheduler-1,5,main])?[0m
?[0;31mindex=64, title=BEETHOVEN EXORCIST, description=A Epic Display of a Pioneer And a Student who must Challenge a Butler in The Gulf of Mexico, releaseYear=2006, length=151, rating=PG-13 (Thread[RxNewThreadScheduler-1,5,main])?[0m
MOVIE LOADED: index=65, title=BEHAVIOR RUNAWAY, description=A Unbelieveable Drama of a Student And a Husband who must Outrace a Sumo Wrestler in Berlin, releaseYear=2006, length=100, rating=PG
?[0;34m65 (Thread[RxNewThreadScheduler-1,5,main])?[0m
?[0;31mindex=65, title=BEHAVIOR RUNAWAY, description=A Unbelieveable Drama of a Student And a Husband who must Outrace a Sumo Wrestler in Berlin, releaseYear=2006, length=100, rating=PG (Thread[RxNewThreadScheduler-1,5,main])?[0m
MOVIE LOADED: index=66, title=BENEATH RUSH, description=A Astounding Panorama of a Man And a Monkey who must Discover a Man in The First Manned Space Station, releaseYear=2006, length=53, rating=NC-17
?[0;34m66 (Thread[RxNewThreadScheduler-1,5,main])?[0m
?[0;31mindex=66, title=BENEATH RUSH, description=A Astounding Panorama of a Man And a Monkey who must Discover a Man in The First Manned Space Station, releaseYear=2006, length=53, rating=NC-17 (Thread[RxNewThreadScheduler-1,5,main])?[0m
MOVIE LOADED: index=67, title=BERETS AGENT, description=A Taut Saga of a Crocodile And a Boy who must Overcome a Technical Writer in Ancient China, releaseYear=2006, length=77, rating=PG-13
?[0;34m67 (Thread[RxNewThreadScheduler-1,5,main])?[0m
?[0;31mindex=67, title=BERETS AGENT, description=A Taut Saga of a Crocodile And a Boy who must Overcome a Technical Writer in Ancient China, releaseYear=2006, length=77, rating=PG-13 (Thread[RxNewThreadScheduler-1,5,main])?[0m
MOVIE LOADED: index=68, title=BETRAYED REAR, description=A Emotional Character Study of a Boat And a Pioneer who must Find a Explorer in A Shark Tank, releaseYear=2006, length=122, rating=NC-17
?[0;34m68 (Thread[RxNewThreadScheduler-1,5,main])?[0m
?[0;31mindex=68, title=BETRAYED REAR, description=A Emotional Character Study of a Boat And a Pioneer who must Find a Explorer in A Shark Tank, releaseYear=2006, length=122, rating=NC-17 (Thread[RxNewThreadScheduler-1,5,main])?[0m
MOVIE LOADED: index=69, title=BEVERLY OUTLAW, description=A Fanciful Documentary of a Womanizer And a Boat who must Defeat a Madman in The First Manned Space Station, releaseYear=2006, length=85, rating=R
?[0;34m69 (Thread[RxNewThreadScheduler-1,5,main])?[0m
?[0;31mindex=69, title=BEVERLY OUTLAW, description=A Fanciful Documentary of a Womanizer And a Boat who must Defeat a Madman in The First Manned Space Station, releaseYear=2006, length=85, rating=R (Thread[RxNewThreadScheduler-1,5,main])?[0m
MOVIE LOADED: index=70, title=BIKINI BORROWERS, description=A Astounding Drama of a Astronaut And a Cat who must Discover a Woman in The First Manned Space Station, releaseYear=2006, length=142, rating=NC-17
?[0;34m70 (Thread[RxNewThreadScheduler-1,5,main])?[0m
?[0;31mindex=70, title=BIKINI BORROWERS, description=A Astounding Drama of a Astronaut And a Cat who must Discover a Woman in The First Manned Space Station, releaseYear=2006, length=142, rating=NC-17 (Thread[RxNewThreadScheduler-1,5,main])?[0m
MOVIE LOADED: index=71, title=BILKO ANONYMOUS, description=A Emotional Reflection of a Teacher And a Man who must Meet a Cat in The First Manned Space Station, releaseYear=2006, length=100, rating=PG-13
?[0;34m71 (Thread[RxNewThreadScheduler-1,5,main])?[0m
?[0;31mindex=71, title=BILKO ANONYMOUS, description=A Emotional Reflection of a Teacher And a Man who must Meet a Cat in The First Manned Space Station, releaseYear=2006, length=100, rating=PG-13 (Thread[RxNewThreadScheduler-1,5,main])?[0m
MOVIE LOADED: index=72, title=BILL OTHERS, description=A Stunning Saga of a Mad Scientist And a Forensic Psychologist who must Challenge a Squirrel in A MySQL Convention, releaseYear=2006, length=93, rating=PG
?[0;34m72 (Thread[RxNewThreadScheduler-1,5,main])?[0m
?[0;31mindex=72, title=BILL OTHERS, description=A Stunning Saga of a Mad Scientist And a Forensic Psychologist who must Challenge a Squirrel in A MySQL Convention, releaseYear=2006, length=93, rating=PG (Thread[RxNewThreadScheduler-1,5,main])?[0m
MOVIE LOADED: index=73, title=BINGO TALENTED, description=A Touching Tale of a Girl And a Crocodile who must Discover a Waitress in Nigeria, releaseYear=2006, length=150, rating=PG-13
?[0;34m73 (Thread[RxNewThreadScheduler-1,5,main])?[0m
?[0;31mindex=73, title=BINGO TALENTED, description=A Touching Tale of a Girl And a Crocodile who must Discover a Waitress in Nigeria, releaseYear=2006, length=150, rating=PG-13 (Thread[RxNewThreadScheduler-1,5,main])?[0m
MOVIE LOADED: index=74, title=BIRCH ANTITRUST, description=A Fanciful Panorama of a Husband And a Pioneer who must Outgun a Dog in A Baloon, releaseYear=2006, length=162, rating=PG
?[0;34m74 (Thread[RxNewThreadScheduler-1,5,main])?[0m
?[0;31mindex=74, title=BIRCH ANTITRUST, description=A Fanciful Panorama of a Husband And a Pioneer who must Outgun a Dog in A Baloon, releaseYear=2006, length=162, rating=PG (Thread[RxNewThreadScheduler-1,5,main])?[0m
MOVIE LOADED: index=75, title=BIRD INDEPENDENCE, description=A Thrilling Documentary of a Car And a Student who must Sink a Hunter in The Canadian Rockies, releaseYear=2006, length=163, rating=G
?[0;34m75 (Thread[RxNewThreadScheduler-1,5,main])?[0m
?[0;31mindex=75, title=BIRD INDEPENDENCE, description=A Thrilling Documentary of a Car And a Student who must Sink a Hunter in The Canadian Rockies, releaseYear=2006, length=163, rating=G (Thread[RxNewThreadScheduler-1,5,main])?[0m
MOVIE LOADED: index=76, title=BIRDCAGE CASPER, description=A Fast-Paced Saga of a Frisbee And a Astronaut who must Overcome a Feminist in Ancient India, releaseYear=2006, length=103, rating=NC-17
?[0;34m76 (Thread[RxNewThreadScheduler-1,5,main])?[0m
?[0;31mindex=76, title=BIRDCAGE CASPER, description=A Fast-Paced Saga of a Frisbee And a Astronaut who must Overcome a Feminist in Ancient India, releaseYear=2006, length=103, rating=NC-17 (Thread[RxNewThreadScheduler-1,5,main])?[0m
MOVIE LOADED: index=77, title=BIRDS PERDITION, description=A Boring Story of a Womanizer And a Pioneer who must Face a Dog in California, releaseYear=2006, length=61, rating=G
?[0;34m77 (Thread[RxNewThreadScheduler-1,5,main])?[0m
?[0;31mindex=77, title=BIRDS PERDITION, description=A Boring Story of a Womanizer And a Pioneer who must Face a Dog in California, releaseYear=2006, length=61, rating=G (Thread[RxNewThreadScheduler-1,5,main])?[0m
MOVIE LOADED: index=78, title=BLACKOUT PRIVATE, description=A Intrepid Yarn of a Pastry Chef And a Mad Scientist who must Challenge a Secret Agent in Ancient Japan, releaseYear=2006, length=85, rating=PG
?[0;34m78 (Thread[RxNewThreadScheduler-1,5,main])?[0m
?[0;31mindex=78, title=BLACKOUT PRIVATE, description=A Intrepid Yarn of a Pastry Chef And a Mad Scientist who must Challenge a Secret Agent in Ancient Japan, releaseYear=2006, length=85, rating=PG (Thread[RxNewThreadScheduler-1,5,main])?[0m
MOVIE LOADED: index=79, title=BLADE POLISH, description=A Thoughtful Character Study of a Frisbee And a Pastry Chef who must Fight a Dentist in The First Manned Space Station, releaseYear=2006, length=114, rating=PG-13
?[0;34m79 (Thread[RxNewThreadScheduler-1,5,main])?[0m
?[0;31mindex=79, title=BLADE POLISH, description=A Thoughtful Character Study of a Frisbee And a Pastry Chef who must Fight a Dentist in The First Manned Space Station, releaseYear=2006, length=114, rating=PG-13 (Thread[RxNewThreadScheduler-1,5,main])?[0m
MOVIE LOADED: index=80, title=BLANKET BEVERLY, description=A Emotional Documentary of a Student And a Girl who must Build a Boat in Nigeria, releaseYear=2006, length=148, rating=G
?[0;34m80 (Thread[RxNewThreadScheduler-1,5,main])?[0m
?[0;31mindex=80, title=BLANKET BEVERLY, description=A Emotional Documentary of a Student And a Girl who must Build a Boat in Nigeria, releaseYear=2006, length=148, rating=G (Thread[RxNewThreadScheduler-1,5,main])?[0m
MOVIE LOADED: index=81, title=BLINDNESS GUN, description=A Touching Drama of a Robot And a Dentist who must Meet a Hunter in A Jet Boat, releaseYear=2006, length=103, rating=PG-13
?[0;34m81 (Thread[RxNewThreadScheduler-1,5,main])?[0m
?[0;31mindex=81, title=BLINDNESS GUN, description=A Touching Drama of a Robot And a Dentist who must Meet a Hunter in A Jet Boat, releaseYear=2006, length=103, rating=PG-13 (Thread[RxNewThreadScheduler-1,5,main])?[0m
MOVIE LOADED: index=82, title=BLOOD ARGONAUTS, description=A Boring Drama of a Explorer And a Man who must Kill a Lumberjack in A Manhattan Penthouse, releaseYear=2006, length=71, rating=G
?[0;34m82 (Thread[RxNewThreadScheduler-1,5,main])?[0m
?[0;31mindex=82, title=BLOOD ARGONAUTS, description=A Boring Drama of a Explorer And a Man who must Kill a Lumberjack in A Manhattan Penthouse, releaseYear=2006, length=71, rating=G (Thread[RxNewThreadScheduler-1,5,main])?[0m
MOVIE LOADED: index=83, title=BLUES INSTINCT, description=A Insightful Documentary of a Boat And a Composer who must Meet a Forensic Psychologist in An Abandoned Fun House, releaseYear=2006, length=50, rating=G
?[0;34m83 (Thread[RxNewThreadScheduler-1,5,main])?[0m
?[0;31mindex=83, title=BLUES INSTINCT, description=A Insightful Documentary of a Boat And a Composer who must Meet a Forensic Psychologist in An Abandoned Fun House, releaseYear=2006, length=50, rating=G (Thread[RxNewThreadScheduler-1,5,main])?[0m
MOVIE LOADED: index=84, title=BOILED DARES, description=A Awe-Inspiring Story of a Waitress And a Dog who must Discover a Dentist in Ancient Japan, releaseYear=2006, length=102, rating=PG
?[0;34m84 (Thread[RxNewThreadScheduler-1,5,main])?[0m
?[0;31mindex=84, title=BOILED DARES, description=A Awe-Inspiring Story of a Waitress And a Dog who must Discover a Dentist in Ancient Japan, releaseYear=2006, length=102, rating=PG (Thread[RxNewThreadScheduler-1,5,main])?[0m
MOVIE LOADED: index=85, title=BONNIE HOLOCAUST, description=A Fast-Paced Story of a Crocodile And a Robot who must Find a Moose in Ancient Japan, releaseYear=2006, length=63, rating=G
?[0;34m85 (Thread[RxNewThreadScheduler-1,5,main])?[0m
?[0;31mindex=85, title=BONNIE HOLOCAUST, description=A Fast-Paced Story of a Crocodile And a Robot who must Find a Moose in Ancient Japan, releaseYear=2006, length=63, rating=G (Thread[RxNewThreadScheduler-1,5,main])?[0m
MOVIE LOADED: index=86, title=BOOGIE AMELIE, description=A Lacklusture Character Study of a Husband And a Sumo Wrestler who must Succumb a Technical Writer in The Gulf of Mexico, releaseYear=2006, length=121, rating=R
?[0;34m86 (Thread[RxNewThreadScheduler-1,5,main])?[0m
?[0;31mindex=86, title=BOOGIE AMELIE, description=A Lacklusture Character Study of a Husband And a Sumo Wrestler who must Succumb a Technical Writer in The Gulf of Mexico, releaseYear=2006, length=121, rating=R (Thread[RxNewThreadScheduler-1,5,main])?[0m
MOVIE LOADED: index=87, title=BOONDOCK BALLROOM, description=A Fateful Panorama of a Crocodile And a Boy who must Defeat a Monkey in The Gulf of Mexico, releaseYear=2006, length=76, rating=NC-17
?[0;34m87 (Thread[RxNewThreadScheduler-1,5,main])?[0m
?[0;31mindex=87, title=BOONDOCK BALLROOM, description=A Fateful Panorama of a Crocodile And a Boy who must Defeat a Monkey in The Gulf of Mexico, releaseYear=2006, length=76, rating=NC-17 (Thread[RxNewThreadScheduler-1,5,main])?[0m
MOVIE LOADED: index=88, title=BORN SPINAL, description=A Touching Epistle of a Frisbee And a Husband who must Pursue a Student in Nigeria, releaseYear=2006, length=179, rating=PG
?[0;34m88 (Thread[RxNewThreadScheduler-1,5,main])?[0m
?[0;31mindex=88, title=BORN SPINAL, description=A Touching Epistle of a Frisbee And a Husband who must Pursue a Student in Nigeria, releaseYear=2006, length=179, rating=PG (Thread[RxNewThreadScheduler-1,5,main])?[0m
MOVIE LOADED: index=89, title=BORROWERS BEDAZZLED, description=A Brilliant Epistle of a Teacher And a Sumo Wrestler who must Defeat a Man in An Abandoned Fun House, releaseYear=2006, length=63, rating=G
?[0;34m89 (Thread[RxNewThreadScheduler-1,5,main])?[0m
?[0;31mindex=89, title=BORROWERS BEDAZZLED, description=A Brilliant Epistle of a Teacher And a Sumo Wrestler who must Defeat a Man in An Abandoned Fun House, releaseYear=2006, length=63, rating=G (Thread[RxNewThreadScheduler-1,5,main])?[0m
MOVIE LOADED: index=90, title=BOULEVARD MOB, description=A Fateful Epistle of a Moose And a Monkey who must Confront a Lumberjack in Ancient China, releaseYear=2006, length=63, rating=R
?[0;34m90 (Thread[RxNewThreadScheduler-1,5,main])?[0m
?[0;31mindex=90, title=BOULEVARD MOB, description=A Fateful Epistle of a Moose And a Monkey who must Confront a Lumberjack in Ancient China, releaseYear=2006, length=63, rating=R (Thread[RxNewThreadScheduler-1,5,main])?[0m
MOVIE LOADED: index=91, title=BOUND CHEAPER, description=A Thrilling Panorama of a Database Administrator And a Astronaut who must Challenge a Lumberjack in A Baloon, releaseYear=2006, length=98, rating=PG
?[0;34m91 (Thread[RxNewThreadScheduler-1,5,main])?[0m
?[0;31mindex=91, title=BOUND CHEAPER, description=A Thrilling Panorama of a Database Administrator And a Astronaut who must Challenge a Lumberjack in A Baloon, releaseYear=2006, length=98, rating=PG (Thread[RxNewThreadScheduler-1,5,main])?[0m
MOVIE LOADED: index=92, title=BOWFINGER GABLES, description=A Fast-Paced Yarn of a Waitress And a Composer who must Outgun a Dentist in California, releaseYear=2006, length=72, rating=NC-17
?[0;34m92 (Thread[RxNewThreadScheduler-1,5,main])?[0m
?[0;31mindex=92, title=BOWFINGER GABLES, description=A Fast-Paced Yarn of a Waitress And a Composer who must Outgun a Dentist in California, releaseYear=2006, length=72, rating=NC-17 (Thread[RxNewThreadScheduler-1,5,main])?[0m
MOVIE LOADED: index=93, title=BRANNIGAN SUNRISE, description=A Amazing Epistle of a Moose And a Crocodile who must Outrace a Dog in Berlin, releaseYear=2006, length=121, rating=PG
?[0;34m93 (Thread[RxNewThreadScheduler-1,5,main])?[0m
?[0;31mindex=93, title=BRANNIGAN SUNRISE, description=A Amazing Epistle of a Moose And a Crocodile who must Outrace a Dog in Berlin, releaseYear=2006, length=121, rating=PG (Thread[RxNewThreadScheduler-1,5,main])?[0m
MOVIE LOADED: index=94, title=BRAVEHEART HUMAN, description=A Insightful Story of a Dog And a Pastry Chef who must Battle a Girl in Berlin, releaseYear=2006, length=176, rating=PG-13
?[0;34m94 (Thread[RxNewThreadScheduler-1,5,main])?[0m
?[0;31mindex=94, title=BRAVEHEART HUMAN, description=A Insightful Story of a Dog And a Pastry Chef who must Battle a Girl in Berlin, releaseYear=2006, length=176, rating=PG-13 (Thread[RxNewThreadScheduler-1,5,main])?[0m
MOVIE LOADED: index=95, title=BREAKFAST GOLDFINGER, description=A Beautiful Reflection of a Student And a Student who must Fight a Moose in Berlin, releaseYear=2006, length=123, rating=G
?[0;34m95 (Thread[RxNewThreadScheduler-1,5,main])?[0m
?[0;31mindex=95, title=BREAKFAST GOLDFINGER, description=A Beautiful Reflection of a Student And a Student who must Fight a Moose in Berlin, releaseYear=2006, length=123, rating=G (Thread[RxNewThreadScheduler-1,5,main])?[0m
MOVIE LOADED: index=96, title=BREAKING HOME, description=A Beautiful Display of a Secret Agent And a Monkey who must Battle a Sumo Wrestler in An Abandoned Mine Shaft, releaseYear=2006, length=169, rating=PG-13
?[0;34m96 (Thread[RxNewThreadScheduler-1,5,main])?[0m
?[0;31mindex=96, title=BREAKING HOME, description=A Beautiful Display of a Secret Agent And a Monkey who must Battle a Sumo Wrestler in An Abandoned Mine Shaft, releaseYear=2006, length=169, rating=PG-13 (Thread[RxNewThreadScheduler-1,5,main])?[0m
MOVIE LOADED: index=97, title=BRIDE INTRIGUE, description=A Epic Tale of a Robot And a Monkey who must Vanquish a Man in New Orleans, releaseYear=2006, length=56, rating=G
?[0;34m97 (Thread[RxNewThreadScheduler-1,5,main])?[0m
?[0;31mindex=97, title=BRIDE INTRIGUE, description=A Epic Tale of a Robot And a Monkey who must Vanquish a Man in New Orleans, releaseYear=2006, length=56, rating=G (Thread[RxNewThreadScheduler-1,5,main])?[0m
MOVIE LOADED: index=98, title=BRIGHT ENCOUNTERS, description=A Fateful Yarn of a Lumberjack And a Feminist who must Conquer a Student in A Jet Boat, releaseYear=2006, length=73, rating=PG-13
?[0;34m98 (Thread[RxNewThreadScheduler-1,5,main])?[0m
?[0;31mindex=98, title=BRIGHT ENCOUNTERS, description=A Fateful Yarn of a Lumberjack And a Feminist who must Conquer a Student in A Jet Boat, releaseYear=2006, length=73, rating=PG-13 (Thread[RxNewThreadScheduler-1,5,main])?[0m
MOVIE LOADED: index=99, title=BRINGING HYSTERICAL, description=A Fateful Saga of a A Shark And a Technical Writer who must Find a Woman in A Jet Boat, releaseYear=2006, length=136, rating=PG
?[0;34m99 (Thread[RxNewThreadScheduler-1,5,main])?[0m
?[0;31mindex=99, title=BRINGING HYSTERICAL, description=A Fateful Saga of a A Shark And a Technical Writer who must Find a Woman in A Jet Boat, releaseYear=2006, length=136, rating=PG (Thread[RxNewThreadScheduler-1,5,main])?[0m
MOVIE LOADED: index=100, title=BROOKLYN DESERT, description=A Beautiful Drama of a Dentist And a Composer who must Battle a Sumo Wrestler in The First Manned Space Station, releaseYear=2006, length=161, rating=R
?[0;34m100 (Thread[RxNewThreadScheduler-1,5,main])?[0m
?[0;31mindex=100, title=BROOKLYN DESERT, description=A Beautiful Drama of a Dentist And a Composer who must Battle a Sumo Wrestler in The First Manned Space Station, releaseYear=2006, length=161, rating=R (Thread[RxNewThreadScheduler-1,5,main])?[0m
MOVIE LOADED: index=101, title=BROTHERHOOD BLANKET, description=A Fateful Character Study of a Butler And a Technical Writer who must Sink a Astronaut in Ancient Japan, releaseYear=2006, length=73, rating=R
?[0;34m101 (Thread[RxNewThreadScheduler-1,5,main])?[0m
?[0;31mindex=101, title=BROTHERHOOD BLANKET, description=A Fateful Character Study of a Butler And a Technical Writer who must Sink a Astronaut in Ancient Japan, releaseYear=2006, length=73, rating=R (Thread[RxNewThreadScheduler-1,5,main])?[0m
MOVIE LOADED: index=102, title=BUBBLE GROSSE, description=A Awe-Inspiring Panorama of a Crocodile And a Moose who must Confront a Girl in A Baloon, releaseYear=2006, length=60, rating=R
?[0;34m102 (Thread[RxNewThreadScheduler-1,5,main])?[0m
?[0;31mindex=102, title=BUBBLE GROSSE, description=A Awe-Inspiring Panorama of a Crocodile And a Moose who must Confront a Girl in A Baloon, releaseYear=2006, length=60, rating=R (Thread[RxNewThreadScheduler-1,5,main])?[0m
MOVIE LOADED: index=103, title=BUCKET BROTHERHOOD, description=A Amazing Display of a Girl And a Womanizer who must Succumb a Lumberjack in A Baloon Factory, releaseYear=2006, length=133, rating=PG
?[0;34m103 (Thread[RxNewThreadScheduler-1,5,main])?[0m
?[0;31mindex=103, title=BUCKET BROTHERHOOD, description=A Amazing Display of a Girl And a Womanizer who must Succumb a Lumberjack in A Baloon Factory, releaseYear=2006, length=133, rating=PG (Thread[RxNewThreadScheduler-1,5,main])?[0m
MOVIE LOADED: index=104, title=BUGSY SONG, description=A Awe-Inspiring Character Study of a Secret Agent And a Boat who must Find a Squirrel in The First Manned Space Station, releaseYear=2006, length=119, rating=G
?[0;34m104 (Thread[RxNewThreadScheduler-1,5,main])?[0m
?[0;31mindex=104, title=BUGSY SONG, description=A Awe-Inspiring Character Study of a Secret Agent And a Boat who must Find a Squirrel in The First Manned Space Station, releaseYear=2006, length=119, rating=G (Thread[RxNewThreadScheduler-1,5,main])?[0m
MOVIE LOADED: index=105, title=BULL SHAWSHANK, description=A Fanciful Drama of a Moose And a Squirrel who must Conquer a Pioneer in The Canadian Rockies, releaseYear=2006, length=125, rating=NC-17
?[0;34m105 (Thread[RxNewThreadScheduler-1,5,main])?[0m
?[0;31mindex=105, title=BULL SHAWSHANK, description=A Fanciful Drama of a Moose And a Squirrel who must Conquer a Pioneer in The Canadian Rockies, releaseYear=2006, length=125, rating=NC-17 (Thread[RxNewThreadScheduler-1,5,main])?[0m
MOVIE LOADED: index=106, title=BULWORTH COMMANDMENTS, description=A Amazing Display of a Mad Cow And a Pioneer who must Redeem a Sumo Wrestler in The Outback, releaseYear=2006, length=61, rating=G
?[0;34m106 (Thread[RxNewThreadScheduler-1,5,main])?[0m
?[0;31mindex=106, title=BULWORTH COMMANDMENTS, description=A Amazing Display of a Mad Cow And a Pioneer who must Redeem a Sumo Wrestler in The Outback, releaseYear=2006, length=61, rating=G (Thread[RxNewThreadScheduler-1,5,main])?[0m
MOVIE LOADED: index=107, title=BUNCH MINDS, description=A Emotional Story of a Feminist And a Feminist who must Escape a Pastry Chef in A MySQL Convention, releaseYear=2006, length=63, rating=G
?[0;34m107 (Thread[RxNewThreadScheduler-1,5,main])?[0m
?[0;31mindex=107, title=BUNCH MINDS, description=A Emotional Story of a Feminist And a Feminist who must Escape a Pastry Chef in A MySQL Convention, releaseYear=2006, length=63, rating=G (Thread[RxNewThreadScheduler-1,5,main])?[0m
MOVIE LOADED: index=108, title=BUTCH PANTHER, description=A Lacklusture Yarn of a Feminist And a Database Administrator who must Face a Hunter in New Orleans, releaseYear=2006, length=67, rating=PG-13
?[0;34m108 (Thread[RxNewThreadScheduler-1,5,main])?[0m
?[0;31mindex=108, title=BUTCH PANTHER, description=A Lacklusture Yarn of a Feminist And a Database Administrator who must Face a Hunter in New Orleans, releaseYear=2006, length=67, rating=PG-13 (Thread[RxNewThreadScheduler-1,5,main])?[0m
MOVIE LOADED: index=109, title=BUTTERFLY CHOCOLAT, description=A Fateful Story of a Girl And a Composer who must Conquer a Husband in A Shark Tank, releaseYear=2006, length=89, rating=G
?[0;34m109 (Thread[RxNewThreadScheduler-1,5,main])?[0m
?[0;31mindex=109, title=BUTTERFLY CHOCOLAT, description=A Fateful Story of a Girl And a Composer who must Conquer a Husband in A Shark Tank, releaseYear=2006, length=89, rating=G (Thread[RxNewThreadScheduler-1,5,main])?[0m
MOVIE LOADED: index=110, title=CABIN FLASH, description=A Stunning Epistle of a Boat And a Man who must Challenge a A Shark in A Baloon Factory, releaseYear=2006, length=53, rating=NC-17
?[0;34m110 (Thread[RxNewThreadScheduler-1,5,main])?[0m
?[0;31mindex=110, title=CABIN FLASH, description=A Stunning Epistle of a Boat And a Man who must Challenge a A Shark in A Baloon Factory, releaseYear=2006, length=53, rating=NC-17 (Thread[RxNewThreadScheduler-1,5,main])?[0m
MOVIE LOADED: index=111, title=CADDYSHACK JEDI, description=A Awe-Inspiring Epistle of a Woman And a Madman who must Fight a Robot in Soviet Georgia, releaseYear=2006, length=52, rating=NC-17
?[0;34m111 (Thread[RxNewThreadScheduler-1,5,main])?[0m
?[0;31mindex=111, title=CADDYSHACK JEDI, description=A Awe-Inspiring Epistle of a Woman And a Madman who must Fight a Robot in Soviet Georgia, releaseYear=2006, length=52, rating=NC-17 (Thread[RxNewThreadScheduler-1,5,main])?[0m
MOVIE LOADED: index=112, title=CALENDAR GUNFIGHT, description=A Thrilling Drama of a Frisbee And a Lumberjack who must Sink a Man in Nigeria, releaseYear=2006, length=120, rating=NC-17
?[0;34m112 (Thread[RxNewThreadScheduler-1,5,main])?[0m
?[0;31mindex=112, title=CALENDAR GUNFIGHT, description=A Thrilling Drama of a Frisbee And a Lumberjack who must Sink a Man in Nigeria, releaseYear=2006, length=120, rating=NC-17 (Thread[RxNewThreadScheduler-1,5,main])?[0m
MOVIE LOADED: index=113, title=CALIFORNIA BIRDS, description=A Thrilling Yarn of a Database Administrator And a Robot who must Battle a Database Administrator in Ancient India, releaseYear=2006, length=75, rating=NC-17
?[0;34m113 (Thread[RxNewThreadScheduler-1,5,main])?[0m
?[0;31mindex=113, title=CALIFORNIA BIRDS, description=A Thrilling Yarn of a Database Administrator And a Robot who must Battle a Database Administrator in Ancient India, releaseYear=2006, length=75, rating=NC-17 (Thread[RxNewThreadScheduler-1,5,main])?[0m
MOVIE LOADED: index=114, title=CAMELOT VACATION, description=A Touching Character Study of a Woman And a Waitress who must Battle a Pastry Chef in A MySQL Convention, releaseYear=2006, length=61, rating=NC-17
?[0;34m114 (Thread[RxNewThreadScheduler-1,5,main])?[0m
?[0;31mindex=114, title=CAMELOT VACATION, description=A Touching Character Study of a Woman And a Waitress who must Battle a Pastry Chef in A MySQL Convention, releaseYear=2006, length=61, rating=NC-17 (Thread[RxNewThreadScheduler-1,5,main])?[0m
MOVIE LOADED: index=115, title=CAMPUS REMEMBER, description=A Astounding Drama of a Crocodile And a Mad Cow who must Build a Robot in A Jet Boat, releaseYear=2006, length=167, rating=R
?[0;34m115 (Thread[RxNewThreadScheduler-1,5,main])?[0m
?[0;31mindex=115, title=CAMPUS REMEMBER, description=A Astounding Drama of a Crocodile And a Mad Cow who must Build a Robot in A Jet Boat, releaseYear=2006, length=167, rating=R (Thread[RxNewThreadScheduler-1,5,main])?[0m
MOVIE LOADED: index=116, title=CANDIDATE PERDITION, description=A Brilliant Epistle of a Composer And a Database Administrator who must Vanquish a Mad Scientist in The First Manned Space Station, releaseYear=2006, length=70, rating=R
?[0;34m116 (Thread[RxNewThreadScheduler-1,5,main])?[0m
?[0;31mindex=116, title=CANDIDATE PERDITION, description=A Brilliant Epistle of a Composer And a Database Administrator who must Vanquish a Mad Scientist in The First Manned Space Station, releaseYear=2006, length=70, rating=R (Thread[RxNewThreadScheduler-1,5,main])?[0m
MOVIE LOADED: index=117, title=CANDLES GRAPES, description=A Fanciful Character Study of a Monkey And a Explorer who must Build a Astronaut in An Abandoned Fun House, releaseYear=2006, length=135, rating=NC-17
?[0;34m117 (Thread[RxNewThreadScheduler-1,5,main])?[0m
?[0;31mindex=117, title=CANDLES GRAPES, description=A Fanciful Character Study of a Monkey And a Explorer who must Build a Astronaut in An Abandoned Fun House, releaseYear=2006, length=135, rating=NC-17 (Thread[RxNewThreadScheduler-1,5,main])?[0m
MOVIE LOADED: index=118, title=CANYON STOCK, description=A Thoughtful Reflection of a Waitress And a Feminist who must Escape a Squirrel in A Manhattan Penthouse, releaseYear=2006, length=85, rating=R
?[0;34m118 (Thread[RxNewThreadScheduler-1,5,main])?[0m
?[0;31mindex=118, title=CANYON STOCK, description=A Thoughtful Reflection of a Waitress And a Feminist who must Escape a Squirrel in A Manhattan Penthouse, releaseYear=2006, length=85, rating=R (Thread[RxNewThreadScheduler-1,5,main])?[0m
MOVIE LOADED: index=119, title=CAPER MOTIONS, description=A Fateful Saga of a Moose And a Car who must Pursue a Woman in A MySQL Convention, releaseYear=2006, length=176, rating=G
?[0;34m119 (Thread[RxNewThreadScheduler-1,5,main])?[0m
?[0;31mindex=119, title=CAPER MOTIONS, description=A Fateful Saga of a Moose And a Car who must Pursue a Woman in A MySQL Convention, releaseYear=2006, length=176, rating=G (Thread[RxNewThreadScheduler-1,5,main])?[0m
MOVIE LOADED: index=120, title=CARIBBEAN LIBERTY, description=A Fanciful Tale of a Pioneer And a Technical Writer who must Outgun a Pioneer in A Shark Tank, releaseYear=2006, length=92, rating=NC-17
?[0;34m120 (Thread[RxNewThreadScheduler-1,5,main])?[0m
?[0;31mindex=120, title=CARIBBEAN LIBERTY, description=A Fanciful Tale of a Pioneer And a Technical Writer who must Outgun a Pioneer in A Shark Tank, releaseYear=2006, length=92, rating=NC-17 (Thread[RxNewThreadScheduler-1,5,main])?[0m
MOVIE LOADED: index=121, title=CAROL TEXAS, description=A Astounding Character Study of a Composer And a Student who must Overcome a Composer in A Monastery, releaseYear=2006, length=151, rating=PG
?[0;34m121 (Thread[RxNewThreadScheduler-1,5,main])?[0m
?[0;31mindex=121, title=CAROL TEXAS, description=A Astounding Character Study of a Composer And a Student who must Overcome a Composer in A Monastery, releaseYear=2006, length=151, rating=PG (Thread[RxNewThreadScheduler-1,5,main])?[0m
MOVIE LOADED: index=122, title=CARRIE BUNCH, description=A Amazing Epistle of a Student And a Astronaut who must Discover a Frisbee in The Canadian Rockies, releaseYear=2006, length=114, rating=PG
?[0;34m122 (Thread[RxNewThreadScheduler-1,5,main])?[0m
?[0;31mindex=122, title=CARRIE BUNCH, description=A Amazing Epistle of a Student And a Astronaut who must Discover a Frisbee in The Canadian Rockies, releaseYear=2006, length=114, rating=PG (Thread[RxNewThreadScheduler-1,5,main])?[0m
MOVIE LOADED: index=123, title=CASABLANCA SUPER, description=A Amazing Panorama of a Crocodile And a Forensic Psychologist who must Pursue a Secret Agent in The First Manned Space Station, releaseYear=2006, length=85, rating=G
?[0;34m123 (Thread[RxNewThreadScheduler-1,5,main])?[0m
?[0;31mindex=123, title=CASABLANCA SUPER, description=A Amazing Panorama of a Crocodile And a Forensic Psychologist who must Pursue a Secret Agent in The First Manned Space Station, releaseYear=2006, length=85, rating=G (Thread[RxNewThreadScheduler-1,5,main])?[0m
MOVIE LOADED: index=124, title=CASPER DRAGONFLY, description=A Intrepid Documentary of a Boat And a Crocodile who must Chase a Robot in The Sahara Desert, releaseYear=2006, length=163, rating=PG-13
?[0;34m124 (Thread[RxNewThreadScheduler-1,5,main])?[0m
?[0;31mindex=124, title=CASPER DRAGONFLY, description=A Intrepid Documentary of a Boat And a Crocodile who must Chase a Robot in The Sahara Desert, releaseYear=2006, length=163, rating=PG-13 (Thread[RxNewThreadScheduler-1,5,main])?[0m
MOVIE LOADED: index=125, title=CASSIDY WYOMING, description=A Intrepid Drama of a Frisbee And a Hunter who must Kill a Secret Agent in New Orleans, releaseYear=2006, length=61, rating=NC-17
?[0;34m125 (Thread[RxNewThreadScheduler-1,5,main])?[0m
?[0;31mindex=125, title=CASSIDY WYOMING, description=A Intrepid Drama of a Frisbee And a Hunter who must Kill a Secret Agent in New Orleans, releaseYear=2006, length=61, rating=NC-17 (Thread[RxNewThreadScheduler-1,5,main])?[0m
MOVIE LOADED: index=126, title=CASUALTIES ENCINO, description=A Insightful Yarn of a A Shark And a Pastry Chef who must Face a Boy in A Monastery, releaseYear=2006, length=179, rating=G
?[0;34m126 (Thread[RxNewThreadScheduler-1,5,main])?[0m
?[0;31mindex=126, title=CASUALTIES ENCINO, description=A Insightful Yarn of a A Shark And a Pastry Chef who must Face a Boy in A Monastery, releaseYear=2006, length=179, rating=G (Thread[RxNewThreadScheduler-1,5,main])?[0m
MOVIE LOADED: index=127, title=CAT CONEHEADS, description=A Fast-Paced Panorama of a Girl And a A Shark who must Confront a Boy in Ancient India, releaseYear=2006, length=112, rating=G
?[0;34m127 (Thread[RxNewThreadScheduler-1,5,main])?[0m
?[0;31mindex=127, title=CAT CONEHEADS, description=A Fast-Paced Panorama of a Girl And a A Shark who must Confront a Boy in Ancient India, releaseYear=2006, length=112, rating=G (Thread[RxNewThreadScheduler-1,5,main])?[0m
MOVIE LOADED: index=128, title=CATCH AMISTAD, description=A Boring Reflection of a Lumberjack And a Feminist who must Discover a Woman in Nigeria, releaseYear=2006, length=183, rating=G
?[0;34m128 (Thread[RxNewThreadScheduler-1,5,main])?[0m
?[0;31mindex=128, title=CATCH AMISTAD, description=A Boring Reflection of a Lumberjack And a Feminist who must Discover a Woman in Nigeria, releaseYear=2006, length=183, rating=G (Thread[RxNewThreadScheduler-1,5,main])?[0m
MOVIE LOADED: index=129, title=CAUSE DATE, description=A Taut Tale of a Explorer And a Pastry Chef who must Conquer a Hunter in A MySQL Convention, releaseYear=2006, length=179, rating=R
?[0;34m129 (Thread[RxNewThreadScheduler-1,5,main])?[0m
?[0;31mindex=129, title=CAUSE DATE, description=A Taut Tale of a Explorer And a Pastry Chef who must Conquer a Hunter in A MySQL Convention, releaseYear=2006, length=179, rating=R (Thread[RxNewThreadScheduler-1,5,main])?[0m
MOVIE LOADED: index=130, title=CELEBRITY HORN, description=A Amazing Documentary of a Secret Agent And a Astronaut who must Vanquish a Hunter in A Shark Tank, releaseYear=2006, length=110, rating=PG-13
?[0;34m130 (Thread[RxNewThreadScheduler-1,5,main])?[0m
?[0;31mindex=130, title=CELEBRITY HORN, description=A Amazing Documentary of a Secret Agent And a Astronaut who must Vanquish a Hunter in A Shark Tank, releaseYear=2006, length=110, rating=PG-13 (Thread[RxNewThreadScheduler-1,5,main])?[0m
MOVIE LOADED: index=131, title=CENTER DINOSAUR, description=A Beautiful Character Study of a Sumo Wrestler And a Dentist who must Find a Dog in California, releaseYear=2006, length=152, rating=PG
?[0;34m131 (Thread[RxNewThreadScheduler-1,5,main])?[0m
?[0;31mindex=131, title=CENTER DINOSAUR, description=A Beautiful Character Study of a Sumo Wrestler And a Dentist who must Find a Dog in California, releaseYear=2006, length=152, rating=PG (Thread[RxNewThreadScheduler-1,5,main])?[0m
MOVIE LOADED: index=132, title=CHAINSAW UPTOWN, description=A Beautiful Documentary of a Boy And a Robot who must Discover a Squirrel in Australia, releaseYear=2006, length=114, rating=PG
?[0;34m132 (Thread[RxNewThreadScheduler-1,5,main])?[0m
?[0;31mindex=132, title=CHAINSAW UPTOWN, description=A Beautiful Documentary of a Boy And a Robot who must Discover a Squirrel in Australia, releaseYear=2006, length=114, rating=PG (Thread[RxNewThreadScheduler-1,5,main])?[0m
MOVIE LOADED: index=133, title=CHAMBER ITALIAN, description=A Fateful Reflection of a Moose And a Husband who must Overcome a Monkey in Nigeria, releaseYear=2006, length=117, rating=NC-17
?[0;34m133 (Thread[RxNewThreadScheduler-1,5,main])?[0m
?[0;31mindex=133, title=CHAMBER ITALIAN, description=A Fateful Reflection of a Moose And a Husband who must Overcome a Monkey in Nigeria, releaseYear=2006, length=117, rating=NC-17 (Thread[RxNewThreadScheduler-1,5,main])?[0m
MOVIE LOADED: index=134, title=CHAMPION FLATLINERS, description=A Amazing Story of a Mad Cow And a Dog who must Kill a Husband in A Monastery, releaseYear=2006, length=51, rating=PG
?[0;34m134 (Thread[RxNewThreadScheduler-1,5,main])?[0m
?[0;31mindex=134, title=CHAMPION FLATLINERS, description=A Amazing Story of a Mad Cow And a Dog who must Kill a Husband in A Monastery, releaseYear=2006, length=51, rating=PG (Thread[RxNewThreadScheduler-1,5,main])?[0m
MOVIE LOADED: index=135, title=CHANCE RESURRECTION, description=A Astounding Story of a Forensic Psychologist And a Forensic Psychologist who must Overcome a Moose in Ancient China, releaseYear=2006, length=70, rating=R
?[0;34m135 (Thread[RxNewThreadScheduler-1,5,main])?[0m
?[0;31mindex=135, title=CHANCE RESURRECTION, description=A Astounding Story of a Forensic Psychologist And a Forensic Psychologist who must Overcome a Moose in Ancient China, releaseYear=2006, length=70, rating=R (Thread[RxNewThreadScheduler-1,5,main])?[0m
MOVIE LOADED: index=136, title=CHAPLIN LICENSE, description=A Boring Drama of a Dog And a Forensic Psychologist who must Outrace a Explorer in Ancient India, releaseYear=2006, length=146, rating=NC-17
?[0;34m136 (Thread[RxNewThreadScheduler-1,5,main])?[0m
?[0;31mindex=136, title=CHAPLIN LICENSE, description=A Boring Drama of a Dog And a Forensic Psychologist who must Outrace a Explorer in Ancient India, releaseYear=2006, length=146, rating=NC-17 (Thread[RxNewThreadScheduler-1,5,main])?[0m
MOVIE LOADED: index=137, title=CHARADE DUFFEL, description=A Action-Packed Display of a Man And a Waitress who must Build a Dog in A MySQL Convention, releaseYear=2006, length=66, rating=PG
?[0;34m137 (Thread[RxNewThreadScheduler-1,5,main])?[0m
?[0;31mindex=137, title=CHARADE DUFFEL, description=A Action-Packed Display of a Man And a Waitress who must Build a Dog in A MySQL Convention, releaseYear=2006, length=66, rating=PG (Thread[RxNewThreadScheduler-1,5,main])?[0m
MOVIE LOADED: index=138, title=CHARIOTS CONSPIRACY, description=A Unbelieveable Epistle of a Robot And a Husband who must Chase a Robot in The First Manned Space Station, releaseYear=2006, length=71, rating=R
?[0;34m138 (Thread[RxNewThreadScheduler-1,5,main])?[0m
?[0;31mindex=138, title=CHARIOTS CONSPIRACY, description=A Unbelieveable Epistle of a Robot And a Husband who must Chase a Robot in The First Manned Space Station, releaseYear=2006, length=71, rating=R (Thread[RxNewThreadScheduler-1,5,main])?[0m
MOVIE LOADED: index=139, title=CHASING FIGHT, description=A Astounding Saga of a Technical Writer And a Butler who must Battle a Butler in A Shark Tank, releaseYear=2006, length=114, rating=PG
?[0;34m139 (Thread[RxNewThreadScheduler-1,5,main])?[0m
?[0;31mindex=139, title=CHASING FIGHT, description=A Astounding Saga of a Technical Writer And a Butler who must Battle a Butler in A Shark Tank, releaseYear=2006, length=114, rating=PG (Thread[RxNewThreadScheduler-1,5,main])?[0m
MOVIE LOADED: index=140, title=CHEAPER CLYDE, description=A Emotional Character Study of a Pioneer And a Girl who must Discover a Dog in Ancient Japan, releaseYear=2006, length=87, rating=G
?[0;34m140 (Thread[RxNewThreadScheduler-1,5,main])?[0m
?[0;31mindex=140, title=CHEAPER CLYDE, description=A Emotional Character Study of a Pioneer And a Girl who must Discover a Dog in Ancient Japan, releaseYear=2006, length=87, rating=G (Thread[RxNewThreadScheduler-1,5,main])?[0m
MOVIE LOADED: index=141, title=CHICAGO NORTH, description=A Fateful Yarn of a Mad Cow And a Waitress who must Battle a Student in California, releaseYear=2006, length=185, rating=PG-13
?[0;34m141 (Thread[RxNewThreadScheduler-1,5,main])?[0m
?[0;31mindex=141, title=CHICAGO NORTH, description=A Fateful Yarn of a Mad Cow And a Waitress who must Battle a Student in California, releaseYear=2006, length=185, rating=PG-13 (Thread[RxNewThreadScheduler-1,5,main])?[0m
MOVIE LOADED: index=142, title=CHICKEN HELLFIGHTERS, description=A Emotional Drama of a Dog And a Explorer who must Outrace a Technical Writer in Australia, releaseYear=2006, length=122, rating=PG
?[0;34m142 (Thread[RxNewThreadScheduler-1,5,main])?[0m
?[0;31mindex=142, title=CHICKEN HELLFIGHTERS, description=A Emotional Drama of a Dog And a Explorer who must Outrace a Technical Writer in Australia, releaseYear=2006, length=122, rating=PG (Thread[RxNewThreadScheduler-1,5,main])?[0m
MOVIE LOADED: index=143, title=CHILL LUCK, description=A Lacklusture Epistle of a Boat And a Technical Writer who must Fight a A Shark in The Canadian Rockies, releaseYear=2006, length=142, rating=PG
?[0;34m143 (Thread[RxNewThreadScheduler-1,5,main])?[0m
?[0;31mindex=143, title=CHILL LUCK, description=A Lacklusture Epistle of a Boat And a Technical Writer who must Fight a A Shark in The Canadian Rockies, releaseYear=2006, length=142, rating=PG (Thread[RxNewThreadScheduler-1,5,main])?[0m
MOVIE LOADED: index=144, title=CHINATOWN GLADIATOR, description=A Brilliant Panorama of a Technical Writer And a Lumberjack who must Escape a Butler in Ancient India, releaseYear=2006, length=61, rating=PG
?[0;34m144 (Thread[RxNewThreadScheduler-1,5,main])?[0m
?[0;31mindex=144, title=CHINATOWN GLADIATOR, description=A Brilliant Panorama of a Technical Writer And a Lumberjack who must Escape a Butler in Ancient India, releaseYear=2006, length=61, rating=PG (Thread[RxNewThreadScheduler-1,5,main])?[0m
MOVIE LOADED: index=145, title=CHISUM BEHAVIOR, description=A Epic Documentary of a Sumo Wrestler And a Butler who must Kill a Car in Ancient India, releaseYear=2006, length=124, rating=G
?[0;34m145 (Thread[RxNewThreadScheduler-1,5,main])?[0m
?[0;31mindex=145, title=CHISUM BEHAVIOR, description=A Epic Documentary of a Sumo Wrestler And a Butler who must Kill a Car in Ancient India, releaseYear=2006, length=124, rating=G (Thread[RxNewThreadScheduler-1,5,main])?[0m
MOVIE LOADED: index=146, title=CHITTY LOCK, description=A Boring Epistle of a Boat And a Database Administrator who must Kill a Sumo Wrestler in The First Manned Space Station, releaseYear=2006, length=107, rating=G
?[0;34m146 (Thread[RxNewThreadScheduler-1,5,main])?[0m
?[0;31mindex=146, title=CHITTY LOCK, description=A Boring Epistle of a Boat And a Database Administrator who must Kill a Sumo Wrestler in The First Manned Space Station, releaseYear=2006, length=107, rating=G (Thread[RxNewThreadScheduler-1,5,main])?[0m
MOVIE LOADED: index=147, title=CHOCOLAT HARRY, description=A Action-Packed Epistle of a Dentist And a Moose who must Meet a Mad Cow in Ancient Japan, releaseYear=2006, length=101, rating=NC-17
?[0;34m147 (Thread[RxNewThreadScheduler-1,5,main])?[0m
?[0;31mindex=147, title=CHOCOLAT HARRY, description=A Action-Packed Epistle of a Dentist And a Moose who must Meet a Mad Cow in Ancient Japan, releaseYear=2006, length=101, rating=NC-17 (Thread[RxNewThreadScheduler-1,5,main])?[0m
MOVIE LOADED: index=148, title=CHOCOLATE DUCK, description=A Unbelieveable Story of a Mad Scientist And a Technical Writer who must Discover a Composer in Ancient China, releaseYear=2006, length=132, rating=R
?[0;34m148 (Thread[RxNewThreadScheduler-1,5,main])?[0m
?[0;31mindex=148, title=CHOCOLATE DUCK, description=A Unbelieveable Story of a Mad Scientist And a Technical Writer who must Discover a Composer in Ancient China, releaseYear=2006, length=132, rating=R (Thread[RxNewThreadScheduler-1,5,main])?[0m
MOVIE LOADED: index=149, title=CHRISTMAS MOONSHINE, description=A Action-Packed Epistle of a Feminist And a Astronaut who must Conquer a Boat in A Manhattan Penthouse, releaseYear=2006, length=150, rating=NC-17
?[0;34m149 (Thread[RxNewThreadScheduler-1,5,main])?[0m
?[0;31mindex=149, title=CHRISTMAS MOONSHINE, description=A Action-Packed Epistle of a Feminist And a Astronaut who must Conquer a Boat in A Manhattan Penthouse, releaseYear=2006, length=150, rating=NC-17 (Thread[RxNewThreadScheduler-1,5,main])?[0m
MOVIE LOADED: index=150, title=CIDER DESIRE, description=A Stunning Character Study of a Composer And a Mad Cow who must Succumb a Cat in Soviet Georgia, releaseYear=2006, length=101, rating=PG
?[0;34m150 (Thread[RxNewThreadScheduler-1,5,main])?[0m
?[0;31mindex=150, title=CIDER DESIRE, description=A Stunning Character Study of a Composer And a Mad Cow who must Succumb a Cat in Soviet Georgia, releaseYear=2006, length=101, rating=PG (Thread[RxNewThreadScheduler-1,5,main])?[0m
MOVIE LOADED: index=151, title=CINCINATTI WHISPERER, description=A Brilliant Saga of a Pastry Chef And a Hunter who must Confront a Butler in Berlin, releaseYear=2006, length=143, rating=NC-17
?[0;34m151 (Thread[RxNewThreadScheduler-1,5,main])?[0m
?[0;31mindex=151, title=CINCINATTI WHISPERER, description=A Brilliant Saga of a Pastry Chef And a Hunter who must Confront a Butler in Berlin, releaseYear=2006, length=143, rating=NC-17 (Thread[RxNewThreadScheduler-1,5,main])?[0m
MOVIE LOADED: index=152, title=CIRCUS YOUTH, description=A Thoughtful Drama of a Pastry Chef And a Dentist who must Pursue a Girl in A Baloon, releaseYear=2006, length=90, rating=PG-13
?[0;34m152 (Thread[RxNewThreadScheduler-1,5,main])?[0m
?[0;31mindex=152, title=CIRCUS YOUTH, description=A Thoughtful Drama of a Pastry Chef And a Dentist who must Pursue a Girl in A Baloon, releaseYear=2006, length=90, rating=PG-13 (Thread[RxNewThreadScheduler-1,5,main])?[0m
MOVIE LOADED: index=153, title=CITIZEN SHREK, description=A Fanciful Character Study of a Technical Writer And a Husband who must Redeem a Robot in The Outback, releaseYear=2006, length=165, rating=G
?[0;34m153 (Thread[RxNewThreadScheduler-1,5,main])?[0m
?[0;31mindex=153, title=CITIZEN SHREK, description=A Fanciful Character Study of a Technical Writer And a Husband who must Redeem a Robot in The Outback, releaseYear=2006, length=165, rating=G (Thread[RxNewThreadScheduler-1,5,main])?[0m
MOVIE LOADED: index=154, title=CLASH FREDDY, description=A Amazing Yarn of a Composer And a Squirrel who must Escape a Astronaut in Australia, releaseYear=2006, length=81, rating=G
?[0;34m154 (Thread[RxNewThreadScheduler-1,5,main])?[0m
?[0;31mindex=154, title=CLASH FREDDY, description=A Amazing Yarn of a Composer And a Squirrel who must Escape a Astronaut in Australia, releaseYear=2006, length=81, rating=G (Thread[RxNewThreadScheduler-1,5,main])?[0m
MOVIE LOADED: index=155, title=CLEOPATRA DEVIL, description=A Fanciful Documentary of a Crocodile And a Technical Writer who must Fight a A Shark in A Baloon, releaseYear=2006, length=150, rating=PG-13
?[0;34m155 (Thread[RxNewThreadScheduler-1,5,main])?[0m
?[0;31mindex=155, title=CLEOPATRA DEVIL, description=A Fanciful Documentary of a Crocodile And a Technical Writer who must Fight a A Shark in A Baloon, releaseYear=2006, length=150, rating=PG-13 (Thread[RxNewThreadScheduler-1,5,main])?[0m
MOVIE LOADED: index=156, title=CLERKS ANGELS, description=A Thrilling Display of a Sumo Wrestler And a Girl who must Confront a Man in A Baloon, releaseYear=2006, length=164, rating=G
?[0;34m156 (Thread[RxNewThreadScheduler-1,5,main])?[0m
?[0;31mindex=156, title=CLERKS ANGELS, description=A Thrilling Display of a Sumo Wrestler And a Girl who must Confront a Man in A Baloon, releaseYear=2006, length=164, rating=G (Thread[RxNewThreadScheduler-1,5,main])?[0m
MOVIE LOADED: index=157, title=CLOCKWORK PARADISE, description=A Insightful Documentary of a Technical Writer And a Feminist who must Challenge a Cat in A Baloon, releaseYear=2006, length=143, rating=PG-13
?[0;34m157 (Thread[RxNewThreadScheduler-1,5,main])?[0m
?[0;31mindex=157, title=CLOCKWORK PARADISE, description=A Insightful Documentary of a Technical Writer And a Feminist who must Challenge a Cat in A Baloon, releaseYear=2006, length=143, rating=PG-13 (Thread[RxNewThreadScheduler-1,5,main])?[0m
MOVIE LOADED: index=158, title=CLONES PINOCCHIO, description=A Amazing Drama of a Car And a Robot who must Pursue a Dentist in New Orleans, releaseYear=2006, length=124, rating=R
?[0;34m158 (Thread[RxNewThreadScheduler-1,5,main])?[0m
?[0;31mindex=158, title=CLONES PINOCCHIO, description=A Amazing Drama of a Car And a Robot who must Pursue a Dentist in New Orleans, releaseYear=2006, length=124, rating=R (Thread[RxNewThreadScheduler-1,5,main])?[0m
MOVIE LOADED: index=159, title=CLOSER BANG, description=A Unbelieveable Panorama of a Frisbee And a Hunter who must Vanquish a Monkey in Ancient India, releaseYear=2006, length=58, rating=R
?[0;34m159 (Thread[RxNewThreadScheduler-1,5,main])?[0m
?[0;31mindex=159, title=CLOSER BANG, description=A Unbelieveable Panorama of a Frisbee And a Hunter who must Vanquish a Monkey in Ancient India, releaseYear=2006, length=58, rating=R (Thread[RxNewThreadScheduler-1,5,main])?[0m
MOVIE LOADED: index=160, title=CLUB GRAFFITI, description=A Epic Tale of a Pioneer And a Hunter who must Escape a Girl in A U-Boat, releaseYear=2006, length=65, rating=PG-13
?[0;34m160 (Thread[RxNewThreadScheduler-1,5,main])?[0m
?[0;31mindex=160, title=CLUB GRAFFITI, description=A Epic Tale of a Pioneer And a Hunter who must Escape a Girl in A U-Boat, releaseYear=2006, length=65, rating=PG-13 (Thread[RxNewThreadScheduler-1,5,main])?[0m
MOVIE LOADED: index=161, title=CLUE GRAIL, description=A Taut Tale of a Butler And a Mad Scientist who must Build a Crocodile in Ancient China, releaseYear=2006, length=70, rating=NC-17
?[0;34m161 (Thread[RxNewThreadScheduler-1,5,main])?[0m
?[0;31mindex=161, title=CLUE GRAIL, description=A Taut Tale of a Butler And a Mad Scientist who must Build a Crocodile in Ancient China, releaseYear=2006, length=70, rating=NC-17 (Thread[RxNewThreadScheduler-1,5,main])?[0m
MOVIE LOADED: index=162, title=CLUELESS BUCKET, description=A Taut Tale of a Car And a Pioneer who must Conquer a Sumo Wrestler in An Abandoned Fun House, releaseYear=2006, length=95, rating=R
?[0;34m162 (Thread[RxNewThreadScheduler-1,5,main])?[0m
?[0;31mindex=162, title=CLUELESS BUCKET, description=A Taut Tale of a Car And a Pioneer who must Conquer a Sumo Wrestler in An Abandoned Fun House, releaseYear=2006, length=95, rating=R (Thread[RxNewThreadScheduler-1,5,main])?[0m
MOVIE LOADED: index=163, title=CLYDE THEORY, description=A Beautiful Yarn of a Astronaut And a Frisbee who must Overcome a Explorer in A Jet Boat, releaseYear=2006, length=139, rating=PG-13
?[0;34m163 (Thread[RxNewThreadScheduler-1,5,main])?[0m
?[0;31mindex=163, title=CLYDE THEORY, description=A Beautiful Yarn of a Astronaut And a Frisbee who must Overcome a Explorer in A Jet Boat, releaseYear=2006, length=139, rating=PG-13 (Thread[RxNewThreadScheduler-1,5,main])?[0m
MOVIE LOADED: index=164, title=COAST RAINBOW, description=A Astounding Documentary of a Mad Cow And a Pioneer who must Challenge a Butler in The Sahara Desert, releaseYear=2006, length=55, rating=PG
?[0;34m164 (Thread[RxNewThreadScheduler-1,5,main])?[0m
[...]
MOVIE LOADED: index=460, title=INNOCENT USUAL, description=A Beautiful Drama of a Pioneer And a Crocodile who must Challenge a Student in The Outback, releaseYear=2006, length=178, rating=PG-13
?[0;34m460 (Thread[RxNewThreadScheduler-1,5,main])?[0m
?[0;31mindex=460, title=INNOCENT USUAL, description=A Beautiful Drama of a Pioneer And a Crocodile who must Challenge a Student in The Outback, releaseYear=2006, length=178, rating=PG-13 (Thread[RxNewThreadScheduler-1,5,main])?[0m
MOVIE LOADED: index=461, title=INSECTS STONE, description=A Epic Display of a Butler And a Dog who must Vanquish a Crocodile in A Manhattan Penthouse, releaseYear=2006, length=123, rating=NC-17
?[0;34m461 (Thread[RxNewThreadScheduler-1,5,main])?[0m
?[0;31mindex=461, title=INSECTS STONE, description=A Epic Display of a Butler And a Dog who must Vanquish a Crocodile in A Manhattan Penthouse, releaseYear=2006, length=123, rating=NC-17 (Thread[RxNewThreadScheduler-1,5,main])?[0m
MOVIE LOADED: index=462, title=INSIDER ARIZONA, description=A Astounding Saga of a Mad Scientist And a Hunter who must Pursue a Robot in A Baloon Factory, releaseYear=2006, length=78, rating=NC-17
?[0;34m462 (Thread[RxNewThreadScheduler-1,5,main])?[0m
?[0;31mindex=462, title=INSIDER ARIZONA, description=A Astounding Saga of a Mad Scientist And a Hunter who must Pursue a Robot in A Baloon Factory, releaseYear=2006, length=78, rating=NC-17 (Thread[RxNewThreadScheduler-1,5,main])?[0m
MOVIE LOADED: index=463, title=INSTINCT AIRPORT, description=A Touching Documentary of a Mad Cow And a Explorer who must Confront a Butler in A Manhattan Penthouse, releaseYear=2006, length=116, rating=PG
?[0;34m463 (Thread[RxNewThreadScheduler-1,5,main])?[0m
?[0;31mindex=463, title=INSTINCT AIRPORT, description=A Touching Documentary of a Mad Cow And a Explorer who must Confront a Butler in A Manhattan Penthouse, releaseYear=2006, length=116, rating=PG (Thread[RxNewThreadScheduler-1,5,main])?[0m
MOVIE LOADED: index=464, title=INTENTIONS EMPIRE, description=A Astounding Epistle of a Cat And a Cat who must Conquer a Mad Cow in A U-Boat, releaseYear=2006, length=107, rating=PG-13
?[0;34m464 (Thread[RxNewThreadScheduler-1,5,main])?[0m
?[0;31mindex=464, title=INTENTIONS EMPIRE, description=A Astounding Epistle of a Cat And a Cat who must Conquer a Mad Cow in A U-Boat, releaseYear=2006, length=107, rating=PG-13 (Thread[RxNewThreadScheduler-1,5,main])?[0m
MOVIE LOADED: index=465, title=INTERVIEW LIAISONS, description=A Action-Packed Reflection of a Student And a Butler who must Discover a Database Administrator in A Manhattan Penthouse, releaseYear=2006, length=59, rating=R
?[0;34m465 (Thread[RxNewThreadScheduler-1,5,main])?[0m
?[0;31mindex=465, title=INTERVIEW LIAISONS, description=A Action-Packed Reflection of a Student And a Butler who must Discover a Database Administrator in A Manhattan Penthouse, releaseYear=2006, length=59, rating=R (Thread[RxNewThreadScheduler-1,5,main])?[0m
MOVIE LOADED: index=466, title=INTOLERABLE INTENTIONS, description=A Awe-Inspiring Story of a Monkey And a Pastry Chef who must Succumb a Womanizer in A MySQL Convention, releaseYear=2006, length=63, rating=PG-13
?[0;34m466 (Thread[RxNewThreadScheduler-1,5,main])?[0m
?[0;31mindex=466, title=INTOLERABLE INTENTIONS, description=A Awe-Inspiring Story of a Monkey And a Pastry Chef who must Succumb a Womanizer in A MySQL Convention, releaseYear=2006, length=63, rating=PG-13 (Thread[RxNewThreadScheduler-1,5,main])?[0m
MOVIE LOADED: index=467, title=INTRIGUE WORST, description=A Fanciful Character Study of a Explorer And a Mad Scientist who must Vanquish a Squirrel in A Jet Boat, releaseYear=2006, length=181, rating=G
?[0;34m467 (Thread[RxNewThreadScheduler-1,5,main])?[0m
?[0;31mindex=467, title=INTRIGUE WORST, description=A Fanciful Character Study of a Explorer And a Mad Scientist who must Vanquish a Squirrel in A Jet Boat, releaseYear=2006, length=181, rating=G (Thread[RxNewThreadScheduler-1,5,main])?[0m
MOVIE LOADED: index=468, title=INVASION CYCLONE, description=A Lacklusture Character Study of a Mad Scientist And a Womanizer who must Outrace a Explorer in A Monastery, releaseYear=2006, length=97, rating=PG
?[0;34m468 (Thread[RxNewThreadScheduler-1,5,main])?[0m
?[0;31mindex=468, title=INVASION CYCLONE, description=A Lacklusture Character Study of a Mad Scientist And a Womanizer who must Outrace a Explorer in A Monastery, releaseYear=2006, length=97, rating=PG (Thread[RxNewThreadScheduler-1,5,main])?[0m
MOVIE LOADED: index=469, title=IRON MOON, description=A Fast-Paced Documentary of a Mad Cow And a Boy who must Pursue a Dentist in A Baloon, releaseYear=2006, length=46, rating=PG
?[0;34m469 (Thread[RxNewThreadScheduler-1,5,main])?[0m
?[0;31mindex=469, title=IRON MOON, description=A Fast-Paced Documentary of a Mad Cow And a Boy who must Pursue a Dentist in A Baloon, releaseYear=2006, length=46, rating=PG (Thread[RxNewThreadScheduler-1,5,main])?[0m
MOVIE LOADED: index=470, title=ISHTAR ROCKETEER, description=A Astounding Saga of a Dog And a Squirrel who must Conquer a Dog in An Abandoned Fun House, releaseYear=2006, length=79, rating=R
?[0;34m470 (Thread[RxNewThreadScheduler-1,5,main])?[0m
?[0;31mindex=470, title=ISHTAR ROCKETEER, description=A Astounding Saga of a Dog And a Squirrel who must Conquer a Dog in An Abandoned Fun House, releaseYear=2006, length=79, rating=R (Thread[RxNewThreadScheduler-1,5,main])?[0m
MOVIE LOADED: index=471, title=ISLAND EXORCIST, description=A Fanciful Panorama of a Technical Writer And a Boy who must Find a Dentist in An Abandoned Fun House, releaseYear=2006, length=84, rating=NC-17
?[0;34m471 (Thread[RxNewThreadScheduler-1,5,main])?[0m
?[0;31mindex=471, title=ISLAND EXORCIST, description=A Fanciful Panorama of a Technical Writer And a Boy who must Find a Dentist in An Abandoned Fun House, releaseYear=2006, length=84, rating=NC-17 (Thread[RxNewThreadScheduler-1,5,main])?[0m
MOVIE LOADED: index=472, title=ITALIAN AFRICAN, description=A Astounding Character Study of a Monkey And a Moose who must Outgun a Cat in A U-Boat, releaseYear=2006, length=174, rating=G
?[0;34m472 (Thread[RxNewThreadScheduler-1,5,main])?[0m
?[0;31mindex=472, title=ITALIAN AFRICAN, description=A Astounding Character Study of a Monkey And a Moose who must Outgun a Cat in A U-Boat, releaseYear=2006, length=174, rating=G (Thread[RxNewThreadScheduler-1,5,main])?[0m
MOVIE LOADED: index=473, title=JACKET FRISCO, description=A Insightful Reflection of a Womanizer And a Husband who must Conquer a Pastry Chef in A Baloon, releaseYear=2006, length=181, rating=PG-13
?[0;34m473 (Thread[RxNewThreadScheduler-1,5,main])?[0m
?[0;31mindex=473, title=JACKET FRISCO, description=A Insightful Reflection of a Womanizer And a Husband who must Conquer a Pastry Chef in A Baloon, releaseYear=2006, length=181, rating=PG-13 (Thread[RxNewThreadScheduler-1,5,main])?[0m
MOVIE LOADED: index=474, title=JADE BUNCH, description=A Insightful Panorama of a Squirrel And a Mad Cow who must Confront a Student in The First Manned Space Station, releaseYear=2006, length=174, rating=NC-17
?[0;34m474 (Thread[RxNewThreadScheduler-1,5,main])?[0m
?[0;31mindex=474, title=JADE BUNCH, description=A Insightful Panorama of a Squirrel And a Mad Cow who must Confront a Student in The First Manned Space Station, releaseYear=2006, length=174, rating=NC-17 (Thread[RxNewThreadScheduler-1,5,main])?[0m
MOVIE LOADED: index=475, title=JAPANESE RUN, description=A Awe-Inspiring Epistle of a Feminist And a Girl who must Sink a Girl in The Outback, releaseYear=2006, length=135, rating=G
?[0;34m475 (Thread[RxNewThreadScheduler-1,5,main])?[0m
?[0;31mindex=475, title=JAPANESE RUN, description=A Awe-Inspiring Epistle of a Feminist And a Girl who must Sink a Girl in The Outback, releaseYear=2006, length=135, rating=G (Thread[RxNewThreadScheduler-1,5,main])?[0m
MOVIE LOADED: index=476, title=JASON TRAP, description=A Thoughtful Tale of a Woman And a A Shark who must Conquer a Dog in A Monastery, releaseYear=2006, length=130, rating=NC-17
?[0;34m476 (Thread[RxNewThreadScheduler-1,5,main])?[0m
?[0;31mindex=476, title=JASON TRAP, description=A Thoughtful Tale of a Woman And a A Shark who must Conquer a Dog in A Monastery, releaseYear=2006, length=130, rating=NC-17 (Thread[RxNewThreadScheduler-1,5,main])?[0m
MOVIE LOADED: index=477, title=JAWBREAKER BROOKLYN, description=A Stunning Reflection of a Boat And a Pastry Chef who must Succumb a A Shark in A Jet Boat, releaseYear=2006, length=118, rating=PG
?[0;34m477 (Thread[RxNewThreadScheduler-1,5,main])?[0m
?[0;31mindex=477, title=JAWBREAKER BROOKLYN, description=A Stunning Reflection of a Boat And a Pastry Chef who must Succumb a A Shark in A Jet Boat, releaseYear=2006, length=118, rating=PG (Thread[RxNewThreadScheduler-1,5,main])?[0m
MOVIE LOADED: index=478, title=JAWS HARRY, description=A Thrilling Display of a Database Administrator And a Monkey who must Overcome a Dog in An Abandoned Fun House, releaseYear=2006, length=112, rating=G
?[0;34m478 (Thread[RxNewThreadScheduler-1,5,main])?[0m
?[0;31mindex=478, title=JAWS HARRY, description=A Thrilling Display of a Database Administrator And a Monkey who must Overcome a Dog in An Abandoned Fun House, releaseYear=2006, length=112, rating=G (Thread[RxNewThreadScheduler-1,5,main])?[0m
MOVIE LOADED: index=479, title=JEDI BENEATH, description=A Astounding Reflection of a Explorer And a Dentist who must Pursue a Student in Nigeria, releaseYear=2006, length=128, rating=PG
?[0;34m479 (Thread[RxNewThreadScheduler-1,5,main])?[0m
?[0;31mindex=479, title=JEDI BENEATH, description=A Astounding Reflection of a Explorer And a Dentist who must Pursue a Student in Nigeria, releaseYear=2006, length=128, rating=PG (Thread[RxNewThreadScheduler-1,5,main])?[0m
MOVIE LOADED: index=480, title=JEEPERS WEDDING, description=A Astounding Display of a Composer And a Dog who must Kill a Pastry Chef in Soviet Georgia, releaseYear=2006, length=84, rating=R
?[0;34m480 (Thread[RxNewThreadScheduler-1,5,main])?[0m
?[0;31mindex=480, title=JEEPERS WEDDING, description=A Astounding Display of a Composer And a Dog who must Kill a Pastry Chef in Soviet Georgia, releaseYear=2006, length=84, rating=R (Thread[RxNewThreadScheduler-1,5,main])?[0m
MOVIE LOADED: index=481, title=JEKYLL FROGMEN, description=A Fanciful Epistle of a Student And a Astronaut who must Kill a Waitress in A Shark Tank, releaseYear=2006, length=58, rating=PG
?[0;34m481 (Thread[RxNewThreadScheduler-1,5,main])?[0m
?[0;31mindex=481, title=JEKYLL FROGMEN, description=A Fanciful Epistle of a Student And a Astronaut who must Kill a Waitress in A Shark Tank, releaseYear=2006, length=58, rating=PG (Thread[RxNewThreadScheduler-1,5,main])?[0m
MOVIE LOADED: index=482, title=JEOPARDY ENCINO, description=A Boring Panorama of a Man And a Mad Cow who must Face a Explorer in Ancient India, releaseYear=2006, length=102, rating=R
?[0;34m482 (Thread[RxNewThreadScheduler-1,5,main])?[0m
?[0;31mindex=482, title=JEOPARDY ENCINO, description=A Boring Panorama of a Man And a Mad Cow who must Face a Explorer in Ancient India, releaseYear=2006, length=102, rating=R (Thread[RxNewThreadScheduler-1,5,main])?[0m
MOVIE LOADED: index=483, title=JERICHO MULAN, description=A Amazing Yarn of a Hunter And a Butler who must Defeat a Boy in A Jet Boat, releaseYear=2006, length=171, rating=NC-17
?[0;34m483 (Thread[RxNewThreadScheduler-1,5,main])?[0m
?[0;31mindex=483, title=JERICHO MULAN, description=A Amazing Yarn of a Hunter And a Butler who must Defeat a Boy in A Jet Boat, releaseYear=2006, length=171, rating=NC-17 (Thread[RxNewThreadScheduler-1,5,main])?[0m
MOVIE LOADED: index=484, title=JERK PAYCHECK, description=A Touching Character Study of a Pastry Chef And a Database Administrator who must Reach a A Shark in Ancient Japan, releaseYear=2006, length=172, rating=NC-17
?[0;34m484 (Thread[RxNewThreadScheduler-1,5,main])?[0m
?[0;31mindex=484, title=JERK PAYCHECK, description=A Touching Character Study of a Pastry Chef And a Database Administrator who must Reach a A Shark in Ancient Japan, releaseYear=2006, length=172, rating=NC-17 (Thread[RxNewThreadScheduler-1,5,main])?[0m
MOVIE LOADED: index=485, title=JERSEY SASSY, description=A Lacklusture Documentary of a Madman And a Mad Cow who must Find a Feminist in Ancient Japan, releaseYear=2006, length=60, rating=PG
?[0;34m485 (Thread[RxNewThreadScheduler-1,5,main])?[0m
?[0;31mindex=485, title=JERSEY SASSY, description=A Lacklusture Documentary of a Madman And a Mad Cow who must Find a Feminist in Ancient Japan, releaseYear=2006, length=60, rating=PG (Thread[RxNewThreadScheduler-1,5,main])?[0m
MOVIE LOADED: index=486, title=JET NEIGHBORS, description=A Amazing Display of a Lumberjack And a Teacher who must Outrace a Woman in A U-Boat, releaseYear=2006, length=59, rating=R
?[0;34m486 (Thread[RxNewThreadScheduler-1,5,main])?[0m
?[0;31mindex=486, title=JET NEIGHBORS, description=A Amazing Display of a Lumberjack And a Teacher who must Outrace a Woman in A U-Boat, releaseYear=2006, length=59, rating=R (Thread[RxNewThreadScheduler-1,5,main])?[0m
MOVIE LOADED: index=487, title=JINGLE SAGEBRUSH, description=A Epic Character Study of a Feminist And a Student who must Meet a Woman in A Baloon, releaseYear=2006, length=124, rating=PG-13
?[0;34m487 (Thread[RxNewThreadScheduler-1,5,main])?[0m
?[0;31mindex=487, title=JINGLE SAGEBRUSH, description=A Epic Character Study of a Feminist And a Student who must Meet a Woman in A Baloon, releaseYear=2006, length=124, rating=PG-13 (Thread[RxNewThreadScheduler-1,5,main])?[0m
MOVIE LOADED: index=488, title=JOON NORTHWEST, description=A Thrilling Panorama of a Technical Writer And a Car who must Discover a Forensic Psychologist in A Shark Tank, releaseYear=2006, length=105, rating=NC-17
?[0;34m488 (Thread[RxNewThreadScheduler-1,5,main])?[0m
?[0;31mindex=488, title=JOON NORTHWEST, description=A Thrilling Panorama of a Technical Writer And a Car who must Discover a Forensic Psychologist in A Shark Tank, releaseYear=2006, length=105, rating=NC-17 (Thread[RxNewThreadScheduler-1,5,main])?[0m
MOVIE LOADED: index=489, title=JUGGLER HARDLY, description=A Epic Story of a Mad Cow And a Astronaut who must Challenge a Car in California, releaseYear=2006, length=54, rating=PG-13
?[0;34m489 (Thread[RxNewThreadScheduler-1,5,main])?[0m
?[0;31mindex=489, title=JUGGLER HARDLY, description=A Epic Story of a Mad Cow And a Astronaut who must Challenge a Car in California, releaseYear=2006, length=54, rating=PG-13 (Thread[RxNewThreadScheduler-1,5,main])?[0m
MOVIE LOADED: index=490, title=JUMANJI BLADE, description=A Intrepid Yarn of a Husband And a Womanizer who must Pursue a Mad Scientist in New Orleans, releaseYear=2006, length=121, rating=G
?[0;34m490 (Thread[RxNewThreadScheduler-1,5,main])?[0m
?[0;31mindex=490, title=JUMANJI BLADE, description=A Intrepid Yarn of a Husband And a Womanizer who must Pursue a Mad Scientist in New Orleans, releaseYear=2006, length=121, rating=G (Thread[RxNewThreadScheduler-1,5,main])?[0m
MOVIE LOADED: index=491, title=JUMPING WRATH, description=A Touching Epistle of a Monkey And a Feminist who must Discover a Boat in Berlin, releaseYear=2006, length=74, rating=NC-17
?[0;34m491 (Thread[RxNewThreadScheduler-1,5,main])?[0m
?[0;31mindex=491, title=JUMPING WRATH, description=A Touching Epistle of a Monkey And a Feminist who must Discover a Boat in Berlin, releaseYear=2006, length=74, rating=NC-17 (Thread[RxNewThreadScheduler-1,5,main])?[0m
MOVIE LOADED: index=492, title=JUNGLE CLOSER, description=A Boring Character Study of a Boy And a Woman who must Battle a Astronaut in Australia, releaseYear=2006, length=134, rating=NC-17
?[0;34m492 (Thread[RxNewThreadScheduler-1,5,main])?[0m
?[0;31mindex=492, title=JUNGLE CLOSER, description=A Boring Character Study of a Boy And a Woman who must Battle a Astronaut in Australia, releaseYear=2006, length=134, rating=NC-17 (Thread[RxNewThreadScheduler-1,5,main])?[0m
MOVIE LOADED: index=493, title=KANE EXORCIST, description=A Epic Documentary of a Composer And a Robot who must Overcome a Car in Berlin, releaseYear=2006, length=92, rating=R
?[0;34m493 (Thread[RxNewThreadScheduler-1,5,main])?[0m
?[0;31mindex=493, title=KANE EXORCIST, description=A Epic Documentary of a Composer And a Robot who must Overcome a Car in Berlin, releaseYear=2006, length=92, rating=R (Thread[RxNewThreadScheduler-1,5,main])?[0m
MOVIE LOADED: index=494, title=KARATE MOON, description=A Astounding Yarn of a Womanizer And a Dog who must Reach a Waitress in A MySQL Convention, releaseYear=2006, length=120, rating=PG-13
?[0;34m494 (Thread[RxNewThreadScheduler-1,5,main])?[0m
?[0;31mindex=494, title=KARATE MOON, description=A Astounding Yarn of a Womanizer And a Dog who must Reach a Waitress in A MySQL Convention, releaseYear=2006, length=120, rating=PG-13 (Thread[RxNewThreadScheduler-1,5,main])?[0m
MOVIE LOADED: index=495, title=KENTUCKIAN GIANT, description=A Stunning Yarn of a Woman And a Frisbee who must Escape a Waitress in A U-Boat, releaseYear=2006, length=169, rating=PG
?[0;34m495 (Thread[RxNewThreadScheduler-1,5,main])?[0m
?[0;31mindex=495, title=KENTUCKIAN GIANT, description=A Stunning Yarn of a Woman And a Frisbee who must Escape a Waitress in A U-Boat, releaseYear=2006, length=169, rating=PG (Thread[RxNewThreadScheduler-1,5,main])?[0m
MOVIE LOADED: index=496, title=KICK SAVANNAH, description=A Emotional Drama of a Monkey And a Robot who must Defeat a Monkey in New Orleans, releaseYear=2006, length=179, rating=PG-13
?[0;34m496 (Thread[RxNewThreadScheduler-1,5,main])?[0m
?[0;31mindex=496, title=KICK SAVANNAH, description=A Emotional Drama of a Monkey And a Robot who must Defeat a Monkey in New Orleans, releaseYear=2006, length=179, rating=PG-13 (Thread[RxNewThreadScheduler-1,5,main])?[0m
MOVIE LOADED: index=497, title=KILL BROTHERHOOD, description=A Touching Display of a Hunter And a Secret Agent who must Redeem a Husband in The Outback, releaseYear=2006, length=54, rating=G
?[0;34m497 (Thread[RxNewThreadScheduler-1,5,main])?[0m
?[0;31mindex=497, title=KILL BROTHERHOOD, description=A Touching Display of a Hunter And a Secret Agent who must Redeem a Husband in The Outback, releaseYear=2006, length=54, rating=G (Thread[RxNewThreadScheduler-1,5,main])?[0m
MOVIE LOADED: index=498, title=KILLER INNOCENT, description=A Fanciful Character Study of a Student And a Explorer who must Succumb a Composer in An Abandoned Mine Shaft, releaseYear=2006, length=161, rating=R
?[0;34m498 (Thread[RxNewThreadScheduler-1,5,main])?[0m
?[0;31mindex=498, title=KILLER INNOCENT, description=A Fanciful Character Study of a Student And a Explorer who must Succumb a Composer in An Abandoned Mine Shaft, releaseYear=2006, length=161, rating=R (Thread[RxNewThreadScheduler-1,5,main])?[0m
MOVIE LOADED: index=499, title=KING EVOLUTION, description=A Action-Packed Tale of a Boy And a Lumberjack who must Chase a Madman in A Baloon, releaseYear=2006, length=184, rating=NC-17
?[0;34m499 (Thread[RxNewThreadScheduler-1,5,main])?[0m
?[0;31mindex=499, title=KING EVOLUTION, description=A Action-Packed Tale of a Boy And a Lumberjack who must Chase a Madman in A Baloon, releaseYear=2006, length=184, rating=NC-17 (Thread[RxNewThreadScheduler-1,5,main])?[0m
MOVIE LOADED: index=500, title=KISS GLORY, description=A Lacklusture Reflection of a Girl And a Husband who must Find a Robot in The Canadian Rockies, releaseYear=2006, length=163, rating=PG-13
?[0;34m500 (Thread[RxNewThreadScheduler-1,5,main])?[0m
?[0;31mindex=500, title=KISS GLORY, description=A Lacklusture Reflection of a Girl And a Husband who must Find a Robot in The Canadian Rockies, releaseYear=2006, length=163, rating=PG-13 (Thread[RxNewThreadScheduler-1,5,main])?[0m
]]></system-out>
  <system-err><![CDATA[]]></system-err>
</testsuite>
